27-Apr-2022 19:22:15.278 INFO [main] org.apache.catalina.startup.VersionLoggerListener.log Server version name:   Apache Tomcat/10.0.20
27-Apr-2022 19:22:15.282 INFO [main] org.apache.catalina.startup.VersionLoggerListener.log Server built:          Mar 31 2022 14:24:36 UTC
27-Apr-2022 19:22:15.283 INFO [main] org.apache.catalina.startup.VersionLoggerListener.log Server version number: 10.0.20.0
27-Apr-2022 19:22:15.283 INFO [main] org.apache.catalina.startup.VersionLoggerListener.log OS Name:               Windows 10
27-Apr-2022 19:22:15.283 INFO [main] org.apache.catalina.startup.VersionLoggerListener.log OS Version:            10.0
27-Apr-2022 19:22:15.283 INFO [main] org.apache.catalina.startup.VersionLoggerListener.log Architecture:          amd64
27-Apr-2022 19:22:15.283 INFO [main] org.apache.catalina.startup.VersionLoggerListener.log Java Home:             C:\Program Files\Java\jdk-11.0.1
27-Apr-2022 19:22:15.283 INFO [main] org.apache.catalina.startup.VersionLoggerListener.log JVM Version:           11.0.1+13-LTS
27-Apr-2022 19:22:15.284 INFO [main] org.apache.catalina.startup.VersionLoggerListener.log JVM Vendor:            Oracle Corporation
27-Apr-2022 19:22:15.284 INFO [main] org.apache.catalina.startup.VersionLoggerListener.log CATALINA_BASE:         C:\Users\User\OneDrive\Desktop\COMP 4321\project\comp4321-project-group-14\apache-tomcat-10.0.20
27-Apr-2022 19:22:15.284 INFO [main] org.apache.catalina.startup.VersionLoggerListener.log CATALINA_HOME:         C:\Users\User\OneDrive\Desktop\COMP 4321\project\comp4321-project-group-14\apache-tomcat-10.0.20
27-Apr-2022 19:22:15.304 INFO [main] org.apache.catalina.startup.VersionLoggerListener.log Command line argument: --add-opens=java.base/java.lang=ALL-UNNAMED
27-Apr-2022 19:22:15.304 INFO [main] org.apache.catalina.startup.VersionLoggerListener.log Command line argument: --add-opens=java.base/java.io=ALL-UNNAMED
27-Apr-2022 19:22:15.304 INFO [main] org.apache.catalina.startup.VersionLoggerListener.log Command line argument: --add-opens=java.base/java.util=ALL-UNNAMED
27-Apr-2022 19:22:15.304 INFO [main] org.apache.catalina.startup.VersionLoggerListener.log Command line argument: --add-opens=java.base/java.util.concurrent=ALL-UNNAMED
27-Apr-2022 19:22:15.304 INFO [main] org.apache.catalina.startup.VersionLoggerListener.log Command line argument: --add-opens=java.rmi/sun.rmi.transport=ALL-UNNAMED
27-Apr-2022 19:22:15.304 INFO [main] org.apache.catalina.startup.VersionLoggerListener.log Command line argument: -Djava.util.logging.config.file=C:/Users/User/OneDrive/Desktop/COMP 4321/project/comp4321-project-group-14/apache-tomcat-10.0.20/conf/logging.properties
27-Apr-2022 19:22:15.304 INFO [main] org.apache.catalina.startup.VersionLoggerListener.log Command line argument: -Djava.util.logging.manager=org.apache.juli.ClassLoaderLogManager
27-Apr-2022 19:22:15.304 INFO [main] org.apache.catalina.startup.VersionLoggerListener.log Command line argument: -Djdk.tls.ephemeralDHKeySize=2048
27-Apr-2022 19:22:15.304 INFO [main] org.apache.catalina.startup.VersionLoggerListener.log Command line argument: -Djava.protocol.handler.pkgs=org.apache.catalina.webresources
27-Apr-2022 19:22:15.305 INFO [main] org.apache.catalina.startup.VersionLoggerListener.log Command line argument: -Dorg.apache.catalina.security.SecurityListener.UMASK=0027
27-Apr-2022 19:22:15.305 INFO [main] org.apache.catalina.startup.VersionLoggerListener.log Command line argument: -Dignore.endorsed.dirs=
27-Apr-2022 19:22:15.305 INFO [main] org.apache.catalina.startup.VersionLoggerListener.log Command line argument: -Dcatalina.base=C:/Users/User/OneDrive/Desktop/COMP 4321/project/comp4321-project-group-14/apache-tomcat-10.0.20
27-Apr-2022 19:22:15.305 INFO [main] org.apache.catalina.startup.VersionLoggerListener.log Command line argument: -Dcatalina.home=C:/Users/User/OneDrive/Desktop/COMP 4321/project/comp4321-project-group-14/apache-tomcat-10.0.20
27-Apr-2022 19:22:15.305 INFO [main] org.apache.catalina.startup.VersionLoggerListener.log Command line argument: -Djava.io.tmpdir=C:/Users/User/OneDrive/Desktop/COMP 4321/project/comp4321-project-group-14/apache-tomcat-10.0.20/temp
27-Apr-2022 19:22:15.318 INFO [main] org.apache.catalina.core.AprLifecycleListener.lifecycleEvent The Apache Tomcat Native library which allows using OpenSSL was not found on the java.library.path: [C:\Program Files\Java\jdk-11.0.1\bin;C:\WINDOWS\Sun\Java\bin;C:\WINDOWS\system32;C:\WINDOWS;C:\Users\User\bin;C:\Program Files\Git\mingw64\bin;C:\Program Files\Git\usr\local\bin;C:\Program Files\Git\usr\bin;C:\Program Files\Git\usr\bin;C:\Program Files\Git\mingw64\bin;C:\Program Files\Git\usr\bin;C:\Users\User\bin;C:\Python39\Scripts;C:\Python39;C:\Program Files\Java\jdk-11.0.1\bin;C:\WINDOWS\system32;C:\WINDOWS;C:\WINDOWS\System32\Wbem;C:\WINDOWS\System32\WindowsPowerShell\v1.0;C:\WINDOWS\System32\OpenSSH;C:\Program Files\LLVM\bin;C:\Program Files\Java\jdk-14.0.1\bin;C:\Users\User\AppData\Local\Programs\Python\Python37;C:\Users\User\AppData\Local\Programs\Python\Python37\Scripts;C:\Users\User\Desktop;C:\Users\User\Desktop\whatsapp-bot\whatsapp-bot\Scripts;C:\Program Files\Heroku\bin;C:\Program Files\solidity-windows;C:\Program Files\web3j-3.6.0\bin;C:\Program Files\epirus-1.2.4\bin\epirus.bat;C:\Strawberry\c\bin;C:\Strawberry\perl\site\bin;C:\Strawberry\perl\bin;C:\Program Files (x86)\Vim\vim82;C:\Users\Users\AppData\Roaming\npm;C:\Program Files\nodejs;C:\ProgramData\chocolatey\bin;C:\Program Files (x86)\Pulse Secure\VC142.CRT\X64;C:\Program Files (x86)\Pulse Secure\VC142.CRT\X86;C:\Users\User\AppData\Local\Android\Sdk\platform-tools;C:\Program Files (x86)\SMLNJ\bin;C:\Users\Jovan\AppData\Roaming\nvm;C:\Program Files\nodejs;C:\Program Files\Java\jdk1.8.0_301;C:\Program Files (x86)\GnuWin32\bin;C:\Program Files\Geth;C:\Program Files\Go\bin;C:\Program Files\Tendermint;C:\Program Files\Git\cmd;C:\Program Files\apache-maven-3.8.5\bin;C:\Users\User\AppData\Local\Microsoft\WindowsApps;C:\Users\User\AppData\Local\Programs\Microsoft VS Code\bin;C:\Program Files\mingw-w64\x86_64-8.1.0-posix-seh-rt_v6-rev0\mingw64\bin;C:\Users\User\AppData\Local\Programs\MiKTeX\miktex\bin\x64;C:\Users\User\AppData\Roaming\npm;C:\Users\User\go\bin;C:\Program Files\Git\usr\bin\vendor_perl;C:\Program Files\Git\usr\bin\core_perl;.]
27-Apr-2022 19:22:15.631 INFO [main] org.apache.coyote.AbstractProtocol.init Initializing ProtocolHandler ["http-nio-8080"]
27-Apr-2022 19:22:15.666 INFO [main] org.apache.catalina.startup.Catalina.load Server initialization in [621] milliseconds
27-Apr-2022 19:22:15.723 INFO [main] org.apache.catalina.core.StandardService.startInternal Starting service [Catalina]
27-Apr-2022 19:22:15.724 INFO [main] org.apache.catalina.core.StandardEngine.startInternal Starting Servlet engine: [Apache Tomcat/10.0.20]
27-Apr-2022 19:22:15.736 INFO [main] org.apache.catalina.startup.HostConfig.deployDirectory Deploying web application directory [C:\Users\User\OneDrive\Desktop\COMP 4321\project\comp4321-project-group-14\apache-tomcat-10.0.20\webapps\docs]
27-Apr-2022 19:22:16.239 WARNING [main] org.apache.catalina.util.SessionIdGeneratorBase.createSecureRandom Creation of SecureRandom instance for session ID generation using [SHA1PRNG] took [220] milliseconds.
27-Apr-2022 19:22:16.276 INFO [main] org.apache.catalina.startup.HostConfig.deployDirectory Deployment of web application directory [C:\Users\User\OneDrive\Desktop\COMP 4321\project\comp4321-project-group-14\apache-tomcat-10.0.20\webapps\docs] has finished in [540] ms
27-Apr-2022 19:22:16.277 INFO [main] org.apache.catalina.startup.HostConfig.deployDirectory Deploying web application directory [C:\Users\User\OneDrive\Desktop\COMP 4321\project\comp4321-project-group-14\apache-tomcat-10.0.20\webapps\examples]
27-Apr-2022 19:22:16.697 INFO [main] org.apache.catalina.startup.HostConfig.deployDirectory Deployment of web application directory [C:\Users\User\OneDrive\Desktop\COMP 4321\project\comp4321-project-group-14\apache-tomcat-10.0.20\webapps\examples] has finished in [420] ms
27-Apr-2022 19:22:16.698 INFO [main] org.apache.catalina.startup.HostConfig.deployDirectory Deploying web application directory [C:\Users\User\OneDrive\Desktop\COMP 4321\project\comp4321-project-group-14\apache-tomcat-10.0.20\webapps\host-manager]
27-Apr-2022 19:22:16.755 INFO [main] org.apache.catalina.startup.HostConfig.deployDirectory Deployment of web application directory [C:\Users\User\OneDrive\Desktop\COMP 4321\project\comp4321-project-group-14\apache-tomcat-10.0.20\webapps\host-manager] has finished in [58] ms
27-Apr-2022 19:22:16.755 INFO [main] org.apache.catalina.startup.HostConfig.deployDirectory Deploying web application directory [C:\Users\User\OneDrive\Desktop\COMP 4321\project\comp4321-project-group-14\apache-tomcat-10.0.20\webapps\manager]
27-Apr-2022 19:22:16.804 INFO [main] org.apache.catalina.startup.HostConfig.deployDirectory Deployment of web application directory [C:\Users\User\OneDrive\Desktop\COMP 4321\project\comp4321-project-group-14\apache-tomcat-10.0.20\webapps\manager] has finished in [48] ms
27-Apr-2022 19:22:16.804 INFO [main] org.apache.catalina.startup.HostConfig.deployDirectory Deploying web application directory [C:\Users\User\OneDrive\Desktop\COMP 4321\project\comp4321-project-group-14\apache-tomcat-10.0.20\webapps\ROOT]
27-Apr-2022 19:22:16.840 INFO [main] org.apache.catalina.startup.HostConfig.deployDirectory Deployment of web application directory [C:\Users\User\OneDrive\Desktop\COMP 4321\project\comp4321-project-group-14\apache-tomcat-10.0.20\webapps\ROOT] has finished in [36] ms
27-Apr-2022 19:22:16.845 INFO [main] org.apache.coyote.AbstractProtocol.start Starting ProtocolHandler ["http-nio-8080"]
27-Apr-2022 19:22:17.080 INFO [main] org.apache.catalina.startup.Catalina.start Server startup in [1413] milliseconds
27-Apr-2022 19:31:30.084 INFO [main] org.apache.catalina.core.StandardServer.await A valid shutdown command was received via the shutdown port. Stopping the Server instance.
27-Apr-2022 19:31:30.092 INFO [main] org.apache.coyote.AbstractProtocol.pause Pausing ProtocolHandler ["http-nio-8080"]
27-Apr-2022 19:31:30.269 INFO [main] org.apache.catalina.core.StandardService.stopInternal Stopping service [Catalina]
27-Apr-2022 19:31:30.287 INFO [main] org.apache.coyote.AbstractProtocol.stop Stopping ProtocolHandler ["http-nio-8080"]
27-Apr-2022 19:31:30.297 INFO [main] org.apache.coyote.AbstractProtocol.destroy Destroying ProtocolHandler ["http-nio-8080"]
NOTE: Picked up JDK_JAVA_OPTIONS:  --add-opens=java.base/java.lang=ALL-UNNAMED --add-opens=java.base/java.io=ALL-UNNAMED --add-opens=java.base/java.util=ALL-UNNAMED --add-opens=java.base/java.util.concurrent=ALL-UNNAMED --add-opens=java.rmi/sun.rmi.transport=ALL-UNNAMED
28-Apr-2022 02:00:58.769 INFO [main] org.apache.catalina.startup.VersionLoggerListener.log Server version name:   Apache Tomcat/10.0.20
28-Apr-2022 02:00:58.775 INFO [main] org.apache.catalina.startup.VersionLoggerListener.log Server built:          Mar 31 2022 14:24:36 UTC
28-Apr-2022 02:00:58.775 INFO [main] org.apache.catalina.startup.VersionLoggerListener.log Server version number: 10.0.20.0
28-Apr-2022 02:00:58.776 INFO [main] org.apache.catalina.startup.VersionLoggerListener.log OS Name:               Windows 10
28-Apr-2022 02:00:58.776 INFO [main] org.apache.catalina.startup.VersionLoggerListener.log OS Version:            10.0
28-Apr-2022 02:00:58.776 INFO [main] org.apache.catalina.startup.VersionLoggerListener.log Architecture:          amd64
28-Apr-2022 02:00:58.776 INFO [main] org.apache.catalina.startup.VersionLoggerListener.log Java Home:             C:\Program Files\Java\jdk-11.0.1
28-Apr-2022 02:00:58.776 INFO [main] org.apache.catalina.startup.VersionLoggerListener.log JVM Version:           11.0.1+13-LTS
28-Apr-2022 02:00:58.776 INFO [main] org.apache.catalina.startup.VersionLoggerListener.log JVM Vendor:            Oracle Corporation
28-Apr-2022 02:00:58.776 INFO [main] org.apache.catalina.startup.VersionLoggerListener.log CATALINA_BASE:         C:\Users\User\OneDrive\Desktop\COMP 4321\project\comp4321-project-group-14\apache-tomcat-10.0.20
28-Apr-2022 02:00:58.776 INFO [main] org.apache.catalina.startup.VersionLoggerListener.log CATALINA_HOME:         C:\Users\User\OneDrive\Desktop\COMP 4321\project\comp4321-project-group-14\apache-tomcat-10.0.20
28-Apr-2022 02:00:58.801 INFO [main] org.apache.catalina.startup.VersionLoggerListener.log Command line argument: --add-opens=java.base/java.lang=ALL-UNNAMED
28-Apr-2022 02:00:58.802 INFO [main] org.apache.catalina.startup.VersionLoggerListener.log Command line argument: --add-opens=java.base/java.io=ALL-UNNAMED
28-Apr-2022 02:00:58.802 INFO [main] org.apache.catalina.startup.VersionLoggerListener.log Command line argument: --add-opens=java.base/java.util=ALL-UNNAMED
28-Apr-2022 02:00:58.802 INFO [main] org.apache.catalina.startup.VersionLoggerListener.log Command line argument: --add-opens=java.base/java.util.concurrent=ALL-UNNAMED
28-Apr-2022 02:00:58.802 INFO [main] org.apache.catalina.startup.VersionLoggerListener.log Command line argument: --add-opens=java.rmi/sun.rmi.transport=ALL-UNNAMED
28-Apr-2022 02:00:58.802 INFO [main] org.apache.catalina.startup.VersionLoggerListener.log Command line argument: -Djava.util.logging.config.file=C:/Users/User/OneDrive/Desktop/COMP 4321/project/comp4321-project-group-14/apache-tomcat-10.0.20/conf/logging.properties
28-Apr-2022 02:00:58.802 INFO [main] org.apache.catalina.startup.VersionLoggerListener.log Command line argument: -Djava.util.logging.manager=org.apache.juli.ClassLoaderLogManager
28-Apr-2022 02:00:58.802 INFO [main] org.apache.catalina.startup.VersionLoggerListener.log Command line argument: -Djdk.tls.ephemeralDHKeySize=2048
28-Apr-2022 02:00:58.803 INFO [main] org.apache.catalina.startup.VersionLoggerListener.log Command line argument: -Djava.protocol.handler.pkgs=org.apache.catalina.webresources
28-Apr-2022 02:00:58.803 INFO [main] org.apache.catalina.startup.VersionLoggerListener.log Command line argument: -Dorg.apache.catalina.security.SecurityListener.UMASK=0027
28-Apr-2022 02:00:58.803 INFO [main] org.apache.catalina.startup.VersionLoggerListener.log Command line argument: -Dignore.endorsed.dirs=
28-Apr-2022 02:00:58.803 INFO [main] org.apache.catalina.startup.VersionLoggerListener.log Command line argument: -Dcatalina.base=C:/Users/User/OneDrive/Desktop/COMP 4321/project/comp4321-project-group-14/apache-tomcat-10.0.20
28-Apr-2022 02:00:58.803 INFO [main] org.apache.catalina.startup.VersionLoggerListener.log Command line argument: -Dcatalina.home=C:/Users/User/OneDrive/Desktop/COMP 4321/project/comp4321-project-group-14/apache-tomcat-10.0.20
28-Apr-2022 02:00:58.803 INFO [main] org.apache.catalina.startup.VersionLoggerListener.log Command line argument: -Djava.io.tmpdir=C:/Users/User/OneDrive/Desktop/COMP 4321/project/comp4321-project-group-14/apache-tomcat-10.0.20/temp
28-Apr-2022 02:00:58.819 INFO [main] org.apache.catalina.core.AprLifecycleListener.lifecycleEvent The Apache Tomcat Native library which allows using OpenSSL was not found on the java.library.path: [C:\Program Files\Java\jdk-11.0.1\bin;C:\WINDOWS\Sun\Java\bin;C:\WINDOWS\system32;C:\WINDOWS;C:\Users\User\bin;C:\Program Files\Git\mingw64\bin;C:\Program Files\Git\usr\local\bin;C:\Program Files\Git\usr\bin;C:\Program Files\Git\usr\bin;C:\Program Files\Git\mingw64\bin;C:\Program Files\Git\usr\bin;C:\Users\User\bin;C:\Python39\Scripts;C:\Python39;C:\Program Files\Java\jdk-11.0.1\bin;C:\WINDOWS\system32;C:\WINDOWS;C:\WINDOWS\System32\Wbem;C:\WINDOWS\System32\WindowsPowerShell\v1.0;C:\WINDOWS\System32\OpenSSH;C:\Program Files\LLVM\bin;C:\Program Files\Java\jdk-14.0.1\bin;C:\Users\User\AppData\Local\Programs\Python\Python37;C:\Users\User\AppData\Local\Programs\Python\Python37\Scripts;C:\Users\User\Desktop;C:\Users\User\Desktop\whatsapp-bot\whatsapp-bot\Scripts;C:\Program Files\Heroku\bin;C:\Program Files\solidity-windows;C:\Program Files\web3j-3.6.0\bin;C:\Program Files\epirus-1.2.4\bin\epirus.bat;C:\Strawberry\c\bin;C:\Strawberry\perl\site\bin;C:\Strawberry\perl\bin;C:\Program Files (x86)\Vim\vim82;C:\Users\Users\AppData\Roaming\npm;C:\Program Files\nodejs;C:\ProgramData\chocolatey\bin;C:\Program Files (x86)\Pulse Secure\VC142.CRT\X64;C:\Program Files (x86)\Pulse Secure\VC142.CRT\X86;C:\Users\User\AppData\Local\Android\Sdk\platform-tools;C:\Program Files (x86)\SMLNJ\bin;C:\Users\Jovan\AppData\Roaming\nvm;C:\Program Files\nodejs;C:\Program Files\Java\jdk1.8.0_301;C:\Program Files (x86)\GnuWin32\bin;C:\Program Files\Geth;C:\Program Files\Go\bin;C:\Program Files\Tendermint;C:\Program Files\Git\cmd;C:\Program Files\apache-maven-3.8.5\bin;C:\Users\User\AppData\Local\Microsoft\WindowsApps;C:\Users\User\AppData\Local\Programs\Microsoft VS Code\bin;C:\Program Files\mingw-w64\x86_64-8.1.0-posix-seh-rt_v6-rev0\mingw64\bin;C:\Users\User\AppData\Local\Programs\MiKTeX\miktex\bin\x64;C:\Users\User\AppData\Roaming\npm;C:\Users\User\go\bin;C:\Program Files\Git\usr\bin\vendor_perl;C:\Program Files\Git\usr\bin\core_perl;.]
28-Apr-2022 02:00:59.262 INFO [main] org.apache.coyote.AbstractProtocol.init Initializing ProtocolHandler ["http-nio-8080"]
28-Apr-2022 02:00:59.308 INFO [main] org.apache.catalina.startup.Catalina.load Server initialization in [792] milliseconds
28-Apr-2022 02:00:59.384 INFO [main] org.apache.catalina.core.StandardService.startInternal Starting service [Catalina]
28-Apr-2022 02:00:59.385 INFO [main] org.apache.catalina.core.StandardEngine.startInternal Starting Servlet engine: [Apache Tomcat/10.0.20]
28-Apr-2022 02:00:59.398 INFO [main] org.apache.catalina.startup.HostConfig.deployDirectory Deploying web application directory [C:\Users\User\OneDrive\Desktop\COMP 4321\project\comp4321-project-group-14\apache-tomcat-10.0.20\webapps\docs]
