29-Apr-2022 00:15:28.576 SEVERE [http-nio-8080-exec-7] org.apache.catalina.core.StandardWrapperValve.invoke Servlet.service() for servlet [jsp] in context with path [] threw exception [An exception occurred processing [/SearchPage.jsp] at line [25]

22: String query = request.getParameter("search_query");
23: 
24: if (query != null){
25:     Repository.openConnections();
26:     List<RetrievedDocument> results = SearchEngine.processQuery(query);
27:     for(int i = 0; i < results.size(); i++){
28:         out.println(results.get(i).htmlString());


Stacktrace:] with root cause
	org.rocksdb.RocksDBException: While mkdir if missing: ./rocksdb/WordToWordId: No such file or directory
		at org.rocksdb.RocksDB.open(Native Method)
		at org.rocksdb.RocksDB.open(RocksDB.java:251)
		at repository.Repository.openConnections(Repository.java:43)
		at org.apache.jsp.SearchPage_jsp._jspService(SearchPage_jsp.java:152)
		at org.apache.jasper.runtime.HttpJspBase.service(HttpJspBase.java:70)
		at jakarta.servlet.http.HttpServlet.service(HttpServlet.java:777)
		at org.apache.jasper.servlet.JspServletWrapper.service(JspServletWrapper.java:466)
		at org.apache.jasper.servlet.JspServlet.serviceJspFile(JspServlet.java:380)
		at org.apache.jasper.servlet.JspServlet.service(JspServlet.java:328)
		at jakarta.servlet.http.HttpServlet.service(HttpServlet.java:777)
		at org.apache.catalina.core.ApplicationFilterChain.internalDoFilter(ApplicationFilterChain.java:223)
		at org.apache.catalina.core.ApplicationFilterChain.doFilter(ApplicationFilterChain.java:158)
		at org.apache.tomcat.websocket.server.WsFilter.doFilter(WsFilter.java:53)
		at org.apache.catalina.core.ApplicationFilterChain.internalDoFilter(ApplicationFilterChain.java:185)
		at org.apache.catalina.core.ApplicationFilterChain.doFilter(ApplicationFilterChain.java:158)
		at org.apache.catalina.core.StandardWrapperValve.invoke(StandardWrapperValve.java:197)
		at org.apache.catalina.core.StandardContextValve.invoke(StandardContextValve.java:97)
		at org.apache.catalina.authenticator.AuthenticatorBase.invoke(AuthenticatorBase.java:542)
		at org.apache.catalina.core.StandardHostValve.invoke(StandardHostValve.java:119)
		at org.apache.catalina.valves.ErrorReportValve.invoke(ErrorReportValve.java:92)
		at org.apache.catalina.valves.AbstractAccessLogValve.invoke(AbstractAccessLogValve.java:690)
		at org.apache.catalina.core.StandardEngineValve.invoke(StandardEngineValve.java:78)
		at org.apache.catalina.connector.CoyoteAdapter.service(CoyoteAdapter.java:356)
		at org.apache.coyote.http11.Http11Processor.service(Http11Processor.java:399)
		at org.apache.coyote.AbstractProcessorLight.process(AbstractProcessorLight.java:65)
		at org.apache.coyote.AbstractProtocol$ConnectionHandler.process(AbstractProtocol.java:867)
		at org.apache.tomcat.util.net.NioEndpoint$SocketProcessor.doRun(NioEndpoint.java:1716)
		at org.apache.tomcat.util.net.SocketProcessorBase.run(SocketProcessorBase.java:49)
		at org.apache.tomcat.util.threads.ThreadPoolExecutor.runWorker(ThreadPoolExecutor.java:1191)
		at org.apache.tomcat.util.threads.ThreadPoolExecutor$Worker.run(ThreadPoolExecutor.java:659)
		at org.apache.tomcat.util.threads.TaskThread$WrappingRunnable.run(TaskThread.java:61)
		at java.base/java.lang.Thread.run(Thread.java:832)
29-Apr-2022 00:22:11.895 INFO [main] org.apache.catalina.core.ApplicationContext.log SessionListener: contextDestroyed()
29-Apr-2022 00:22:11.895 INFO [main] org.apache.catalina.core.ApplicationContext.log ContextListener: contextDestroyed()
29-Apr-2022 00:22:15.725 INFO [main] org.apache.catalina.core.ApplicationContext.log ContextListener: contextInitialized()
29-Apr-2022 00:22:15.725 INFO [main] org.apache.catalina.core.ApplicationContext.log SessionListener: contextInitialized()
29-Apr-2022 00:22:15.726 INFO [main] org.apache.catalina.core.ApplicationContext.log ContextListener: attributeAdded('StockTicker', 'async.Stockticker@6d24ffa1')
29-Apr-2022 00:22:29.877 SEVERE [http-nio-8080-exec-1] org.apache.catalina.core.StandardWrapperValve.invoke Servlet.service() for servlet [jsp] in context with path [] threw exception [An exception occurred processing [SearchPage.jsp] at line [25]

22: String query = request.getParameter("search_query");
23: 
24: if (query != null){
25:     Repository.openConnections();
26:     List<RetrievedDocument> results = SearchEngine.processQuery(query);
27:     for(int i = 0; i < results.size(); i++){
28:         out.println(results.get(i).htmlString());


Stacktrace:] with root cause
	org.rocksdb.RocksDBException: While mkdir if missing: ./rocksdb/WordToWordId: No such file or directory
		at org.rocksdb.RocksDB.open(Native Method)
		at org.rocksdb.RocksDB.open(RocksDB.java:251)
		at repository.Repository.openConnections(Repository.java:43)
		at org.apache.jsp.SearchPage_jsp._jspService(SearchPage_jsp.java:152)
		at org.apache.jasper.runtime.HttpJspBase.service(HttpJspBase.java:70)
		at jakarta.servlet.http.HttpServlet.service(HttpServlet.java:777)
		at org.apache.jasper.servlet.JspServletWrapper.service(JspServletWrapper.java:466)
		at org.apache.jasper.servlet.JspServlet.serviceJspFile(JspServlet.java:380)
		at org.apache.jasper.servlet.JspServlet.service(JspServlet.java:328)
		at jakarta.servlet.http.HttpServlet.service(HttpServlet.java:777)
		at org.apache.catalina.core.ApplicationFilterChain.internalDoFilter(ApplicationFilterChain.java:223)
		at org.apache.catalina.core.ApplicationFilterChain.doFilter(ApplicationFilterChain.java:158)
		at org.apache.tomcat.websocket.server.WsFilter.doFilter(WsFilter.java:53)
		at org.apache.catalina.core.ApplicationFilterChain.internalDoFilter(ApplicationFilterChain.java:185)
		at org.apache.catalina.core.ApplicationFilterChain.doFilter(ApplicationFilterChain.java:158)
		at org.apache.catalina.core.StandardWrapperValve.invoke(StandardWrapperValve.java:197)
		at org.apache.catalina.core.StandardContextValve.invoke(StandardContextValve.java:97)
		at org.apache.catalina.authenticator.AuthenticatorBase.invoke(AuthenticatorBase.java:542)
		at org.apache.catalina.core.StandardHostValve.invoke(StandardHostValve.java:119)
		at org.apache.catalina.valves.ErrorReportValve.invoke(ErrorReportValve.java:92)
		at org.apache.catalina.valves.AbstractAccessLogValve.invoke(AbstractAccessLogValve.java:690)
		at org.apache.catalina.core.StandardEngineValve.invoke(StandardEngineValve.java:78)
		at org.apache.catalina.connector.CoyoteAdapter.service(CoyoteAdapter.java:356)
		at org.apache.coyote.http11.Http11Processor.service(Http11Processor.java:399)
		at org.apache.coyote.AbstractProcessorLight.process(AbstractProcessorLight.java:65)
		at org.apache.coyote.AbstractProtocol$ConnectionHandler.process(AbstractProtocol.java:867)
		at org.apache.tomcat.util.net.NioEndpoint$SocketProcessor.doRun(NioEndpoint.java:1716)
		at org.apache.tomcat.util.net.SocketProcessorBase.run(SocketProcessorBase.java:49)
		at org.apache.tomcat.util.threads.ThreadPoolExecutor.runWorker(ThreadPoolExecutor.java:1191)
		at org.apache.tomcat.util.threads.ThreadPoolExecutor$Worker.run(ThreadPoolExecutor.java:659)
		at org.apache.tomcat.util.threads.TaskThread$WrappingRunnable.run(TaskThread.java:61)
		at java.base/java.lang.Thread.run(Thread.java:832)
29-Apr-2022 00:26:33.259 SEVERE [http-nio-8080-exec-5] org.apache.catalina.core.StandardWrapperValve.invoke Servlet.service() for servlet [jsp] in context with path [] threw exception [An exception occurred processing [SearchPage.jsp] at line [26]

23: 
24: if (query != null){
25:     Repository.openConnections();
26:     List<RetrievedDocument> results = SearchEngine.processQuery(query);
27:     for(int i = 0; i < results.size(); i++){
28:         out.println(results.get(i).htmlString());
29:     }


Stacktrace:] with root cause
	java.lang.NullPointerException: Cannot invoke "String.getBytes()" because "wordId" is null
		at repository.Repository$InvertedIndex.getMap_pageId_wordPosList(Repository.java:306)
		at engine.ScoresUtil$Content.computeTermFreq_word(ScoresUtil.java:130)
		at engine.SearchEngine.processQuery(SearchEngine.java:38)
		at org.apache.jsp.SearchPage_jsp._jspService(SearchPage_jsp.java:153)
		at org.apache.jasper.runtime.HttpJspBase.service(HttpJspBase.java:70)
		at jakarta.servlet.http.HttpServlet.service(HttpServlet.java:777)
		at org.apache.jasper.servlet.JspServletWrapper.service(JspServletWrapper.java:466)
		at org.apache.jasper.servlet.JspServlet.serviceJspFile(JspServlet.java:380)
		at org.apache.jasper.servlet.JspServlet.service(JspServlet.java:328)
		at jakarta.servlet.http.HttpServlet.service(HttpServlet.java:777)
		at org.apache.catalina.core.ApplicationFilterChain.internalDoFilter(ApplicationFilterChain.java:223)
		at org.apache.catalina.core.ApplicationFilterChain.doFilter(ApplicationFilterChain.java:158)
		at org.apache.tomcat.websocket.server.WsFilter.doFilter(WsFilter.java:53)
		at org.apache.catalina.core.ApplicationFilterChain.internalDoFilter(ApplicationFilterChain.java:185)
		at org.apache.catalina.core.ApplicationFilterChain.doFilter(ApplicationFilterChain.java:158)
		at org.apache.catalina.core.StandardWrapperValve.invoke(StandardWrapperValve.java:197)
		at org.apache.catalina.core.StandardContextValve.invoke(StandardContextValve.java:97)
		at org.apache.catalina.authenticator.AuthenticatorBase.invoke(AuthenticatorBase.java:542)
		at org.apache.catalina.core.StandardHostValve.invoke(StandardHostValve.java:119)
		at org.apache.catalina.valves.ErrorReportValve.invoke(ErrorReportValve.java:92)
		at org.apache.catalina.valves.AbstractAccessLogValve.invoke(AbstractAccessLogValve.java:690)
		at org.apache.catalina.core.StandardEngineValve.invoke(StandardEngineValve.java:78)
		at org.apache.catalina.connector.CoyoteAdapter.service(CoyoteAdapter.java:356)
		at org.apache.coyote.http11.Http11Processor.service(Http11Processor.java:399)
		at org.apache.coyote.AbstractProcessorLight.process(AbstractProcessorLight.java:65)
		at org.apache.coyote.AbstractProtocol$ConnectionHandler.process(AbstractProtocol.java:867)
		at org.apache.tomcat.util.net.NioEndpoint$SocketProcessor.doRun(NioEndpoint.java:1716)
		at org.apache.tomcat.util.net.SocketProcessorBase.run(SocketProcessorBase.java:49)
		at org.apache.tomcat.util.threads.ThreadPoolExecutor.runWorker(ThreadPoolExecutor.java:1191)
		at org.apache.tomcat.util.threads.ThreadPoolExecutor$Worker.run(ThreadPoolExecutor.java:659)
		at org.apache.tomcat.util.threads.TaskThread$WrappingRunnable.run(TaskThread.java:61)
		at java.base/java.lang.Thread.run(Thread.java:832)
29-Apr-2022 00:27:07.148 SEVERE [http-nio-8080-exec-8] org.apache.catalina.core.StandardWrapperValve.invoke Servlet.service() for servlet [jsp] in context with path [] threw exception [An exception occurred processing [SearchPage.jsp] at line [25]

22: String query = request.getParameter("search_query");
23: 
24: if (query != null){
25:     Repository.openConnections();
26:     List<RetrievedDocument> results = SearchEngine.processQuery(query);
27:     for(int i = 0; i < results.size(); i++){
28:         out.println(results.get(i).htmlString());


Stacktrace:] with root cause
	org.rocksdb.RocksDBException: lock hold by current process, acquire time 1651163193 acquiring thread 13148823552: ./rocksdb/WordToWordId/LOCK: No locks available
		at org.rocksdb.RocksDB.open(Native Method)
		at org.rocksdb.RocksDB.open(RocksDB.java:251)
		at repository.Repository.openConnections(Repository.java:43)
		at org.apache.jsp.SearchPage_jsp._jspService(SearchPage_jsp.java:152)
		at org.apache.jasper.runtime.HttpJspBase.service(HttpJspBase.java:70)
		at jakarta.servlet.http.HttpServlet.service(HttpServlet.java:777)
		at org.apache.jasper.servlet.JspServletWrapper.service(JspServletWrapper.java:466)
		at org.apache.jasper.servlet.JspServlet.serviceJspFile(JspServlet.java:380)
		at org.apache.jasper.servlet.JspServlet.service(JspServlet.java:328)
		at jakarta.servlet.http.HttpServlet.service(HttpServlet.java:777)
		at org.apache.catalina.core.ApplicationFilterChain.internalDoFilter(ApplicationFilterChain.java:223)
		at org.apache.catalina.core.ApplicationFilterChain.doFilter(ApplicationFilterChain.java:158)
		at org.apache.tomcat.websocket.server.WsFilter.doFilter(WsFilter.java:53)
		at org.apache.catalina.core.ApplicationFilterChain.internalDoFilter(ApplicationFilterChain.java:185)
		at org.apache.catalina.core.ApplicationFilterChain.doFilter(ApplicationFilterChain.java:158)
		at org.apache.catalina.core.StandardWrapperValve.invoke(StandardWrapperValve.java:197)
		at org.apache.catalina.core.StandardContextValve.invoke(StandardContextValve.java:97)
		at org.apache.catalina.authenticator.AuthenticatorBase.invoke(AuthenticatorBase.java:542)
		at org.apache.catalina.core.StandardHostValve.invoke(StandardHostValve.java:119)
		at org.apache.catalina.valves.ErrorReportValve.invoke(ErrorReportValve.java:92)
		at org.apache.catalina.valves.AbstractAccessLogValve.invoke(AbstractAccessLogValve.java:690)
		at org.apache.catalina.core.StandardEngineValve.invoke(StandardEngineValve.java:78)
		at org.apache.catalina.connector.CoyoteAdapter.service(CoyoteAdapter.java:356)
		at org.apache.coyote.http11.Http11Processor.service(Http11Processor.java:399)
		at org.apache.coyote.AbstractProcessorLight.process(AbstractProcessorLight.java:65)
		at org.apache.coyote.AbstractProtocol$ConnectionHandler.process(AbstractProtocol.java:867)
		at org.apache.tomcat.util.net.NioEndpoint$SocketProcessor.doRun(NioEndpoint.java:1716)
		at org.apache.tomcat.util.net.SocketProcessorBase.run(SocketProcessorBase.java:49)
		at org.apache.tomcat.util.threads.ThreadPoolExecutor.runWorker(ThreadPoolExecutor.java:1191)
		at org.apache.tomcat.util.threads.ThreadPoolExecutor$Worker.run(ThreadPoolExecutor.java:659)
		at org.apache.tomcat.util.threads.TaskThread$WrappingRunnable.run(TaskThread.java:61)
		at java.base/java.lang.Thread.run(Thread.java:832)
29-Apr-2022 00:27:10.786 SEVERE [http-nio-8080-exec-9] org.apache.catalina.core.StandardWrapperValve.invoke Servlet.service() for servlet [jsp] in context with path [] threw exception [An exception occurred processing [SearchPage.jsp] at line [25]

22: String query = request.getParameter("search_query");
23: 
24: if (query != null){
25:     Repository.openConnections();
26:     List<RetrievedDocument> results = SearchEngine.processQuery(query);
27:     for(int i = 0; i < results.size(); i++){
28:         out.println(results.get(i).htmlString());


Stacktrace:] with root cause
	org.rocksdb.RocksDBException: lock hold by current process, acquire time 1651163193 acquiring thread 13148823552: ./rocksdb/WordToWordId/LOCK: No locks available
		at org.rocksdb.RocksDB.open(Native Method)
		at org.rocksdb.RocksDB.open(RocksDB.java:251)
		at repository.Repository.openConnections(Repository.java:43)
		at org.apache.jsp.SearchPage_jsp._jspService(SearchPage_jsp.java:152)
		at org.apache.jasper.runtime.HttpJspBase.service(HttpJspBase.java:70)
		at jakarta.servlet.http.HttpServlet.service(HttpServlet.java:777)
		at org.apache.jasper.servlet.JspServletWrapper.service(JspServletWrapper.java:466)
		at org.apache.jasper.servlet.JspServlet.serviceJspFile(JspServlet.java:380)
		at org.apache.jasper.servlet.JspServlet.service(JspServlet.java:328)
		at jakarta.servlet.http.HttpServlet.service(HttpServlet.java:777)
		at org.apache.catalina.core.ApplicationFilterChain.internalDoFilter(ApplicationFilterChain.java:223)
		at org.apache.catalina.core.ApplicationFilterChain.doFilter(ApplicationFilterChain.java:158)
		at org.apache.tomcat.websocket.server.WsFilter.doFilter(WsFilter.java:53)
		at org.apache.catalina.core.ApplicationFilterChain.internalDoFilter(ApplicationFilterChain.java:185)
		at org.apache.catalina.core.ApplicationFilterChain.doFilter(ApplicationFilterChain.java:158)
		at org.apache.catalina.core.StandardWrapperValve.invoke(StandardWrapperValve.java:197)
		at org.apache.catalina.core.StandardContextValve.invoke(StandardContextValve.java:97)
		at org.apache.catalina.authenticator.AuthenticatorBase.invoke(AuthenticatorBase.java:542)
		at org.apache.catalina.core.StandardHostValve.invoke(StandardHostValve.java:119)
		at org.apache.catalina.valves.ErrorReportValve.invoke(ErrorReportValve.java:92)
		at org.apache.catalina.valves.AbstractAccessLogValve.invoke(AbstractAccessLogValve.java:690)
		at org.apache.catalina.core.StandardEngineValve.invoke(StandardEngineValve.java:78)
		at org.apache.catalina.connector.CoyoteAdapter.service(CoyoteAdapter.java:356)
		at org.apache.coyote.http11.Http11Processor.service(Http11Processor.java:399)
		at org.apache.coyote.AbstractProcessorLight.process(AbstractProcessorLight.java:65)
		at org.apache.coyote.AbstractProtocol$ConnectionHandler.process(AbstractProtocol.java:867)
		at org.apache.tomcat.util.net.NioEndpoint$SocketProcessor.doRun(NioEndpoint.java:1716)
		at org.apache.tomcat.util.net.SocketProcessorBase.run(SocketProcessorBase.java:49)
		at org.apache.tomcat.util.threads.ThreadPoolExecutor.runWorker(ThreadPoolExecutor.java:1191)
		at org.apache.tomcat.util.threads.ThreadPoolExecutor$Worker.run(ThreadPoolExecutor.java:659)
		at org.apache.tomcat.util.threads.TaskThread$WrappingRunnable.run(TaskThread.java:61)
		at java.base/java.lang.Thread.run(Thread.java:832)
29-Apr-2022 00:27:14.578 SEVERE [http-nio-8080-exec-10] org.apache.catalina.core.StandardWrapperValve.invoke Servlet.service() for servlet [jsp] in context with path [] threw exception [An exception occurred processing [SearchPage.jsp] at line [25]

22: String query = request.getParameter("search_query");
23: 
24: if (query != null){
25:     Repository.openConnections();
26:     List<RetrievedDocument> results = SearchEngine.processQuery(query);
27:     for(int i = 0; i < results.size(); i++){
28:         out.println(results.get(i).htmlString());


Stacktrace:] with root cause
	org.rocksdb.RocksDBException: lock hold by current process, acquire time 1651163193 acquiring thread 13148823552: ./rocksdb/WordToWordId/LOCK: No locks available
		at org.rocksdb.RocksDB.open(Native Method)
		at org.rocksdb.RocksDB.open(RocksDB.java:251)
		at repository.Repository.openConnections(Repository.java:43)
		at org.apache.jsp.SearchPage_jsp._jspService(SearchPage_jsp.java:152)
		at org.apache.jasper.runtime.HttpJspBase.service(HttpJspBase.java:70)
		at jakarta.servlet.http.HttpServlet.service(HttpServlet.java:777)
		at org.apache.jasper.servlet.JspServletWrapper.service(JspServletWrapper.java:466)
		at org.apache.jasper.servlet.JspServlet.serviceJspFile(JspServlet.java:380)
		at org.apache.jasper.servlet.JspServlet.service(JspServlet.java:328)
		at jakarta.servlet.http.HttpServlet.service(HttpServlet.java:777)
		at org.apache.catalina.core.ApplicationFilterChain.internalDoFilter(ApplicationFilterChain.java:223)
		at org.apache.catalina.core.ApplicationFilterChain.doFilter(ApplicationFilterChain.java:158)
		at org.apache.tomcat.websocket.server.WsFilter.doFilter(WsFilter.java:53)
		at org.apache.catalina.core.ApplicationFilterChain.internalDoFilter(ApplicationFilterChain.java:185)
		at org.apache.catalina.core.ApplicationFilterChain.doFilter(ApplicationFilterChain.java:158)
		at org.apache.catalina.core.StandardWrapperValve.invoke(StandardWrapperValve.java:197)
		at org.apache.catalina.core.StandardContextValve.invoke(StandardContextValve.java:97)
		at org.apache.catalina.authenticator.AuthenticatorBase.invoke(AuthenticatorBase.java:542)
		at org.apache.catalina.core.StandardHostValve.invoke(StandardHostValve.java:119)
		at org.apache.catalina.valves.ErrorReportValve.invoke(ErrorReportValve.java:92)
		at org.apache.catalina.valves.AbstractAccessLogValve.invoke(AbstractAccessLogValve.java:690)
		at org.apache.catalina.core.StandardEngineValve.invoke(StandardEngineValve.java:78)
		at org.apache.catalina.connector.CoyoteAdapter.service(CoyoteAdapter.java:356)
		at org.apache.coyote.http11.Http11Processor.service(Http11Processor.java:399)
		at org.apache.coyote.AbstractProcessorLight.process(AbstractProcessorLight.java:65)
		at org.apache.coyote.AbstractProtocol$ConnectionHandler.process(AbstractProtocol.java:867)
		at org.apache.tomcat.util.net.NioEndpoint$SocketProcessor.doRun(NioEndpoint.java:1716)
		at org.apache.tomcat.util.net.SocketProcessorBase.run(SocketProcessorBase.java:49)
		at org.apache.tomcat.util.threads.ThreadPoolExecutor.runWorker(ThreadPoolExecutor.java:1191)
		at org.apache.tomcat.util.threads.ThreadPoolExecutor$Worker.run(ThreadPoolExecutor.java:659)
		at org.apache.tomcat.util.threads.TaskThread$WrappingRunnable.run(TaskThread.java:61)
		at java.base/java.lang.Thread.run(Thread.java:832)
29-Apr-2022 00:27:25.116 SEVERE [http-nio-8080-exec-1] org.apache.catalina.core.StandardWrapperValve.invoke Servlet.service() for servlet [jsp] in context with path [] threw exception [An exception occurred processing [SearchPage.jsp] at line [25]

22: String query = request.getParameter("search_query");
23: 
24: if (query != null){
25:     Repository.openConnections();
26:     List<RetrievedDocument> results = SearchEngine.processQuery(query);
27:     for(int i = 0; i < results.size(); i++){
28:         out.println(results.get(i).htmlString());


Stacktrace:] with root cause
	org.rocksdb.RocksDBException: lock hold by current process, acquire time 1651163193 acquiring thread 13148823552: ./rocksdb/WordToWordId/LOCK: No locks available
		at org.rocksdb.RocksDB.open(Native Method)
		at org.rocksdb.RocksDB.open(RocksDB.java:251)
		at repository.Repository.openConnections(Repository.java:43)
		at org.apache.jsp.SearchPage_jsp._jspService(SearchPage_jsp.java:152)
		at org.apache.jasper.runtime.HttpJspBase.service(HttpJspBase.java:70)
		at jakarta.servlet.http.HttpServlet.service(HttpServlet.java:777)
		at org.apache.jasper.servlet.JspServletWrapper.service(JspServletWrapper.java:466)
		at org.apache.jasper.servlet.JspServlet.serviceJspFile(JspServlet.java:380)
		at org.apache.jasper.servlet.JspServlet.service(JspServlet.java:328)
		at jakarta.servlet.http.HttpServlet.service(HttpServlet.java:777)
		at org.apache.catalina.core.ApplicationFilterChain.internalDoFilter(ApplicationFilterChain.java:223)
		at org.apache.catalina.core.ApplicationFilterChain.doFilter(ApplicationFilterChain.java:158)
		at org.apache.tomcat.websocket.server.WsFilter.doFilter(WsFilter.java:53)
		at org.apache.catalina.core.ApplicationFilterChain.internalDoFilter(ApplicationFilterChain.java:185)
		at org.apache.catalina.core.ApplicationFilterChain.doFilter(ApplicationFilterChain.java:158)
		at org.apache.catalina.core.StandardWrapperValve.invoke(StandardWrapperValve.java:197)
		at org.apache.catalina.core.StandardContextValve.invoke(StandardContextValve.java:97)
		at org.apache.catalina.authenticator.AuthenticatorBase.invoke(AuthenticatorBase.java:542)
		at org.apache.catalina.core.StandardHostValve.invoke(StandardHostValve.java:119)
		at org.apache.catalina.valves.ErrorReportValve.invoke(ErrorReportValve.java:92)
		at org.apache.catalina.valves.AbstractAccessLogValve.invoke(AbstractAccessLogValve.java:690)
		at org.apache.catalina.core.StandardEngineValve.invoke(StandardEngineValve.java:78)
		at org.apache.catalina.connector.CoyoteAdapter.service(CoyoteAdapter.java:356)
		at org.apache.coyote.http11.Http11Processor.service(Http11Processor.java:399)
		at org.apache.coyote.AbstractProcessorLight.process(AbstractProcessorLight.java:65)
		at org.apache.coyote.AbstractProtocol$ConnectionHandler.process(AbstractProtocol.java:867)
		at org.apache.tomcat.util.net.NioEndpoint$SocketProcessor.doRun(NioEndpoint.java:1716)
		at org.apache.tomcat.util.net.SocketProcessorBase.run(SocketProcessorBase.java:49)
		at org.apache.tomcat.util.threads.ThreadPoolExecutor.runWorker(ThreadPoolExecutor.java:1191)
		at org.apache.tomcat.util.threads.ThreadPoolExecutor$Worker.run(ThreadPoolExecutor.java:659)
		at org.apache.tomcat.util.threads.TaskThread$WrappingRunnable.run(TaskThread.java:61)
		at java.base/java.lang.Thread.run(Thread.java:832)
29-Apr-2022 00:27:31.729 SEVERE [http-nio-8080-exec-7] org.apache.catalina.core.StandardWrapperValve.invoke Servlet.service() for servlet [jsp] in context with path [] threw exception [An exception occurred processing [SearchPage.jsp] at line [25]

22: String query = request.getParameter("search_query");
23: 
24: if (query != null){
25:     Repository.openConnections();
26:     List<RetrievedDocument> results = SearchEngine.processQuery(query);
27:     for(int i = 0; i < results.size(); i++){
28:         out.println(results.get(i).htmlString());


Stacktrace:] with root cause
	org.rocksdb.RocksDBException: lock hold by current process, acquire time 1651163193 acquiring thread 13148823552: ./rocksdb/WordToWordId/LOCK: No locks available
		at org.rocksdb.RocksDB.open(Native Method)
		at org.rocksdb.RocksDB.open(RocksDB.java:251)
		at repository.Repository.openConnections(Repository.java:43)
		at org.apache.jsp.SearchPage_jsp._jspService(SearchPage_jsp.java:152)
		at org.apache.jasper.runtime.HttpJspBase.service(HttpJspBase.java:70)
		at jakarta.servlet.http.HttpServlet.service(HttpServlet.java:777)
		at org.apache.jasper.servlet.JspServletWrapper.service(JspServletWrapper.java:466)
		at org.apache.jasper.servlet.JspServlet.serviceJspFile(JspServlet.java:380)
		at org.apache.jasper.servlet.JspServlet.service(JspServlet.java:328)
		at jakarta.servlet.http.HttpServlet.service(HttpServlet.java:777)
		at org.apache.catalina.core.ApplicationFilterChain.internalDoFilter(ApplicationFilterChain.java:223)
		at org.apache.catalina.core.ApplicationFilterChain.doFilter(ApplicationFilterChain.java:158)
		at org.apache.tomcat.websocket.server.WsFilter.doFilter(WsFilter.java:53)
		at org.apache.catalina.core.ApplicationFilterChain.internalDoFilter(ApplicationFilterChain.java:185)
		at org.apache.catalina.core.ApplicationFilterChain.doFilter(ApplicationFilterChain.java:158)
		at org.apache.catalina.core.StandardWrapperValve.invoke(StandardWrapperValve.java:197)
		at org.apache.catalina.core.StandardContextValve.invoke(StandardContextValve.java:97)
		at org.apache.catalina.authenticator.AuthenticatorBase.invoke(AuthenticatorBase.java:542)
		at org.apache.catalina.core.StandardHostValve.invoke(StandardHostValve.java:119)
		at org.apache.catalina.valves.ErrorReportValve.invoke(ErrorReportValve.java:92)
		at org.apache.catalina.valves.AbstractAccessLogValve.invoke(AbstractAccessLogValve.java:690)
		at org.apache.catalina.core.StandardEngineValve.invoke(StandardEngineValve.java:78)
		at org.apache.catalina.connector.CoyoteAdapter.service(CoyoteAdapter.java:356)
		at org.apache.coyote.http11.Http11Processor.service(Http11Processor.java:399)
		at org.apache.coyote.AbstractProcessorLight.process(AbstractProcessorLight.java:65)
		at org.apache.coyote.AbstractProtocol$ConnectionHandler.process(AbstractProtocol.java:867)
		at org.apache.tomcat.util.net.NioEndpoint$SocketProcessor.doRun(NioEndpoint.java:1716)
		at org.apache.tomcat.util.net.SocketProcessorBase.run(SocketProcessorBase.java:49)
		at org.apache.tomcat.util.threads.ThreadPoolExecutor.runWorker(ThreadPoolExecutor.java:1191)
		at org.apache.tomcat.util.threads.ThreadPoolExecutor$Worker.run(ThreadPoolExecutor.java:659)
		at org.apache.tomcat.util.threads.TaskThread$WrappingRunnable.run(TaskThread.java:61)
		at java.base/java.lang.Thread.run(Thread.java:832)
29-Apr-2022 00:27:56.089 SEVERE [http-nio-8080-exec-4] org.apache.catalina.core.StandardWrapperValve.invoke Servlet.service() for servlet [jsp] in context with path [] threw exception [An exception occurred processing [SearchPage.jsp] at line [25]

22: String query = request.getParameter("search_query");
23: 
24: if (query != null){
25:     Repository.openConnections();
26:     List<RetrievedDocument> results = SearchEngine.processQuery(query);
27:     for(int i = 0; i < results.size(); i++){
28:         out.println(results.get(i).htmlString());


Stacktrace:] with root cause
	org.rocksdb.RocksDBException: lock hold by current process, acquire time 1651163193 acquiring thread 13148823552: ./rocksdb/WordToWordId/LOCK: No locks available
		at org.rocksdb.RocksDB.open(Native Method)
		at org.rocksdb.RocksDB.open(RocksDB.java:251)
		at repository.Repository.openConnections(Repository.java:43)
		at org.apache.jsp.SearchPage_jsp._jspService(SearchPage_jsp.java:152)
		at org.apache.jasper.runtime.HttpJspBase.service(HttpJspBase.java:70)
		at jakarta.servlet.http.HttpServlet.service(HttpServlet.java:777)
		at org.apache.jasper.servlet.JspServletWrapper.service(JspServletWrapper.java:466)
		at org.apache.jasper.servlet.JspServlet.serviceJspFile(JspServlet.java:380)
		at org.apache.jasper.servlet.JspServlet.service(JspServlet.java:328)
		at jakarta.servlet.http.HttpServlet.service(HttpServlet.java:777)
		at org.apache.catalina.core.ApplicationFilterChain.internalDoFilter(ApplicationFilterChain.java:223)
		at org.apache.catalina.core.ApplicationFilterChain.doFilter(ApplicationFilterChain.java:158)
		at org.apache.tomcat.websocket.server.WsFilter.doFilter(WsFilter.java:53)
		at org.apache.catalina.core.ApplicationFilterChain.internalDoFilter(ApplicationFilterChain.java:185)
		at org.apache.catalina.core.ApplicationFilterChain.doFilter(ApplicationFilterChain.java:158)
		at org.apache.catalina.core.StandardWrapperValve.invoke(StandardWrapperValve.java:197)
		at org.apache.catalina.core.StandardContextValve.invoke(StandardContextValve.java:97)
		at org.apache.catalina.authenticator.AuthenticatorBase.invoke(AuthenticatorBase.java:542)
		at org.apache.catalina.core.StandardHostValve.invoke(StandardHostValve.java:119)
		at org.apache.catalina.valves.ErrorReportValve.invoke(ErrorReportValve.java:92)
		at org.apache.catalina.valves.AbstractAccessLogValve.invoke(AbstractAccessLogValve.java:690)
		at org.apache.catalina.core.StandardEngineValve.invoke(StandardEngineValve.java:78)
		at org.apache.catalina.connector.CoyoteAdapter.service(CoyoteAdapter.java:356)
		at org.apache.coyote.http11.Http11Processor.service(Http11Processor.java:399)
		at org.apache.coyote.AbstractProcessorLight.process(AbstractProcessorLight.java:65)
		at org.apache.coyote.AbstractProtocol$ConnectionHandler.process(AbstractProtocol.java:867)
		at org.apache.tomcat.util.net.NioEndpoint$SocketProcessor.doRun(NioEndpoint.java:1716)
		at org.apache.tomcat.util.net.SocketProcessorBase.run(SocketProcessorBase.java:49)
		at org.apache.tomcat.util.threads.ThreadPoolExecutor.runWorker(ThreadPoolExecutor.java:1191)
		at org.apache.tomcat.util.threads.ThreadPoolExecutor$Worker.run(ThreadPoolExecutor.java:659)
		at org.apache.tomcat.util.threads.TaskThread$WrappingRunnable.run(TaskThread.java:61)
		at java.base/java.lang.Thread.run(Thread.java:832)
29-Apr-2022 00:28:18.123 SEVERE [http-nio-8080-exec-3] org.apache.catalina.core.StandardWrapperValve.invoke Servlet.service() for servlet [jsp] in context with path [] threw exception [An exception occurred processing [SearchPage.jsp] at line [25]

22: String query = request.getParameter("search_query");
23: 
24: if (query != null){
25:     Repository.openConnections();
26:     List<RetrievedDocument> results = SearchEngine.processQuery(query);
27:     for(int i = 0; i < results.size(); i++){
28:         out.println(results.get(i).htmlString());


Stacktrace:] with root cause
	org.rocksdb.RocksDBException: lock hold by current process, acquire time 1651163193 acquiring thread 13148823552: ./rocksdb/WordToWordId/LOCK: No locks available
		at org.rocksdb.RocksDB.open(Native Method)
		at org.rocksdb.RocksDB.open(RocksDB.java:251)
		at repository.Repository.openConnections(Repository.java:43)
		at org.apache.jsp.SearchPage_jsp._jspService(SearchPage_jsp.java:152)
		at org.apache.jasper.runtime.HttpJspBase.service(HttpJspBase.java:70)
		at jakarta.servlet.http.HttpServlet.service(HttpServlet.java:777)
		at org.apache.jasper.servlet.JspServletWrapper.service(JspServletWrapper.java:466)
		at org.apache.jasper.servlet.JspServlet.serviceJspFile(JspServlet.java:380)
		at org.apache.jasper.servlet.JspServlet.service(JspServlet.java:328)
		at jakarta.servlet.http.HttpServlet.service(HttpServlet.java:777)
		at org.apache.catalina.core.ApplicationFilterChain.internalDoFilter(ApplicationFilterChain.java:223)
		at org.apache.catalina.core.ApplicationFilterChain.doFilter(ApplicationFilterChain.java:158)
		at org.apache.tomcat.websocket.server.WsFilter.doFilter(WsFilter.java:53)
		at org.apache.catalina.core.ApplicationFilterChain.internalDoFilter(ApplicationFilterChain.java:185)
		at org.apache.catalina.core.ApplicationFilterChain.doFilter(ApplicationFilterChain.java:158)
		at org.apache.catalina.core.StandardWrapperValve.invoke(StandardWrapperValve.java:197)
		at org.apache.catalina.core.StandardContextValve.invoke(StandardContextValve.java:97)
		at org.apache.catalina.authenticator.AuthenticatorBase.invoke(AuthenticatorBase.java:542)
		at org.apache.catalina.core.StandardHostValve.invoke(StandardHostValve.java:119)
		at org.apache.catalina.valves.ErrorReportValve.invoke(ErrorReportValve.java:92)
		at org.apache.catalina.valves.AbstractAccessLogValve.invoke(AbstractAccessLogValve.java:690)
		at org.apache.catalina.core.StandardEngineValve.invoke(StandardEngineValve.java:78)
		at org.apache.catalina.connector.CoyoteAdapter.service(CoyoteAdapter.java:356)
		at org.apache.coyote.http11.Http11Processor.service(Http11Processor.java:399)
		at org.apache.coyote.AbstractProcessorLight.process(AbstractProcessorLight.java:65)
		at org.apache.coyote.AbstractProtocol$ConnectionHandler.process(AbstractProtocol.java:867)
		at org.apache.tomcat.util.net.NioEndpoint$SocketProcessor.doRun(NioEndpoint.java:1716)
		at org.apache.tomcat.util.net.SocketProcessorBase.run(SocketProcessorBase.java:49)
		at org.apache.tomcat.util.threads.ThreadPoolExecutor.runWorker(ThreadPoolExecutor.java:1191)
		at org.apache.tomcat.util.threads.ThreadPoolExecutor$Worker.run(ThreadPoolExecutor.java:659)
		at org.apache.tomcat.util.threads.TaskThread$WrappingRunnable.run(TaskThread.java:61)
		at java.base/java.lang.Thread.run(Thread.java:832)
29-Apr-2022 00:28:32.919 SEVERE [http-nio-8080-exec-2] org.apache.catalina.core.StandardWrapperValve.invoke Servlet.service() for servlet [jsp] in context with path [] threw exception [An exception occurred processing [SearchPage.jsp] at line [25]

22: String query = request.getParameter("search_query");
23: 
24: if (query != null){
25:     Repository.openConnections();
26:     List<RetrievedDocument> results = SearchEngine.processQuery(query);
27:     for(int i = 0; i < results.size(); i++){
28:         out.println(results.get(i).htmlString());


Stacktrace:] with root cause
	org.rocksdb.RocksDBException: lock hold by current process, acquire time 1651163193 acquiring thread 13148823552: ./rocksdb/WordToWordId/LOCK: No locks available
		at org.rocksdb.RocksDB.open(Native Method)
		at org.rocksdb.RocksDB.open(RocksDB.java:251)
		at repository.Repository.openConnections(Repository.java:43)
		at org.apache.jsp.SearchPage_jsp._jspService(SearchPage_jsp.java:152)
		at org.apache.jasper.runtime.HttpJspBase.service(HttpJspBase.java:70)
		at jakarta.servlet.http.HttpServlet.service(HttpServlet.java:777)
		at org.apache.jasper.servlet.JspServletWrapper.service(JspServletWrapper.java:466)
		at org.apache.jasper.servlet.JspServlet.serviceJspFile(JspServlet.java:380)
		at org.apache.jasper.servlet.JspServlet.service(JspServlet.java:328)
		at jakarta.servlet.http.HttpServlet.service(HttpServlet.java:777)
		at org.apache.catalina.core.ApplicationFilterChain.internalDoFilter(ApplicationFilterChain.java:223)
		at org.apache.catalina.core.ApplicationFilterChain.doFilter(ApplicationFilterChain.java:158)
		at org.apache.tomcat.websocket.server.WsFilter.doFilter(WsFilter.java:53)
		at org.apache.catalina.core.ApplicationFilterChain.internalDoFilter(ApplicationFilterChain.java:185)
		at org.apache.catalina.core.ApplicationFilterChain.doFilter(ApplicationFilterChain.java:158)
		at org.apache.catalina.core.StandardWrapperValve.invoke(StandardWrapperValve.java:197)
		at org.apache.catalina.core.StandardContextValve.invoke(StandardContextValve.java:97)
		at org.apache.catalina.authenticator.AuthenticatorBase.invoke(AuthenticatorBase.java:542)
		at org.apache.catalina.core.StandardHostValve.invoke(StandardHostValve.java:119)
		at org.apache.catalina.valves.ErrorReportValve.invoke(ErrorReportValve.java:92)
		at org.apache.catalina.valves.AbstractAccessLogValve.invoke(AbstractAccessLogValve.java:690)
		at org.apache.catalina.core.StandardEngineValve.invoke(StandardEngineValve.java:78)
		at org.apache.catalina.connector.CoyoteAdapter.service(CoyoteAdapter.java:356)
		at org.apache.coyote.http11.Http11Processor.service(Http11Processor.java:399)
		at org.apache.coyote.AbstractProcessorLight.process(AbstractProcessorLight.java:65)
		at org.apache.coyote.AbstractProtocol$ConnectionHandler.process(AbstractProtocol.java:867)
		at org.apache.tomcat.util.net.NioEndpoint$SocketProcessor.doRun(NioEndpoint.java:1716)
		at org.apache.tomcat.util.net.SocketProcessorBase.run(SocketProcessorBase.java:49)
		at org.apache.tomcat.util.threads.ThreadPoolExecutor.runWorker(ThreadPoolExecutor.java:1191)
		at org.apache.tomcat.util.threads.ThreadPoolExecutor$Worker.run(ThreadPoolExecutor.java:659)
		at org.apache.tomcat.util.threads.TaskThread$WrappingRunnable.run(TaskThread.java:61)
		at java.base/java.lang.Thread.run(Thread.java:832)
29-Apr-2022 00:28:37.732 SEVERE [http-nio-8080-exec-6] org.apache.catalina.core.StandardWrapperValve.invoke Servlet.service() for servlet [jsp] in context with path [] threw exception [An exception occurred processing [SearchPage.jsp] at line [25]

22: String query = request.getParameter("search_query");
23: 
24: if (query != null){
25:     Repository.openConnections();
26:     List<RetrievedDocument> results = SearchEngine.processQuery(query);
27:     for(int i = 0; i < results.size(); i++){
28:         out.println(results.get(i).htmlString());


Stacktrace:] with root cause
	org.rocksdb.RocksDBException: lock hold by current process, acquire time 1651163193 acquiring thread 13148823552: ./rocksdb/WordToWordId/LOCK: No locks available
		at org.rocksdb.RocksDB.open(Native Method)
		at org.rocksdb.RocksDB.open(RocksDB.java:251)
		at repository.Repository.openConnections(Repository.java:43)
		at org.apache.jsp.SearchPage_jsp._jspService(SearchPage_jsp.java:152)
		at org.apache.jasper.runtime.HttpJspBase.service(HttpJspBase.java:70)
		at jakarta.servlet.http.HttpServlet.service(HttpServlet.java:777)
		at org.apache.jasper.servlet.JspServletWrapper.service(JspServletWrapper.java:466)
		at org.apache.jasper.servlet.JspServlet.serviceJspFile(JspServlet.java:380)
		at org.apache.jasper.servlet.JspServlet.service(JspServlet.java:328)
		at jakarta.servlet.http.HttpServlet.service(HttpServlet.java:777)
		at org.apache.catalina.core.ApplicationFilterChain.internalDoFilter(ApplicationFilterChain.java:223)
		at org.apache.catalina.core.ApplicationFilterChain.doFilter(ApplicationFilterChain.java:158)
		at org.apache.tomcat.websocket.server.WsFilter.doFilter(WsFilter.java:53)
		at org.apache.catalina.core.ApplicationFilterChain.internalDoFilter(ApplicationFilterChain.java:185)
		at org.apache.catalina.core.ApplicationFilterChain.doFilter(ApplicationFilterChain.java:158)
		at org.apache.catalina.core.StandardWrapperValve.invoke(StandardWrapperValve.java:197)
		at org.apache.catalina.core.StandardContextValve.invoke(StandardContextValve.java:97)
		at org.apache.catalina.authenticator.AuthenticatorBase.invoke(AuthenticatorBase.java:542)
		at org.apache.catalina.core.StandardHostValve.invoke(StandardHostValve.java:119)
		at org.apache.catalina.valves.ErrorReportValve.invoke(ErrorReportValve.java:92)
		at org.apache.catalina.valves.AbstractAccessLogValve.invoke(AbstractAccessLogValve.java:690)
		at org.apache.catalina.core.StandardEngineValve.invoke(StandardEngineValve.java:78)
		at org.apache.catalina.connector.CoyoteAdapter.service(CoyoteAdapter.java:356)
		at org.apache.coyote.http11.Http11Processor.service(Http11Processor.java:399)
		at org.apache.coyote.AbstractProcessorLight.process(AbstractProcessorLight.java:65)
		at org.apache.coyote.AbstractProtocol$ConnectionHandler.process(AbstractProtocol.java:867)
		at org.apache.tomcat.util.net.NioEndpoint$SocketProcessor.doRun(NioEndpoint.java:1716)
		at org.apache.tomcat.util.net.SocketProcessorBase.run(SocketProcessorBase.java:49)
		at org.apache.tomcat.util.threads.ThreadPoolExecutor.runWorker(ThreadPoolExecutor.java:1191)
		at org.apache.tomcat.util.threads.ThreadPoolExecutor$Worker.run(ThreadPoolExecutor.java:659)
		at org.apache.tomcat.util.threads.TaskThread$WrappingRunnable.run(TaskThread.java:61)
		at java.base/java.lang.Thread.run(Thread.java:832)
29-Apr-2022 00:28:42.378 SEVERE [http-nio-8080-exec-5] org.apache.catalina.core.StandardWrapperValve.invoke Servlet.service() for servlet [jsp] in context with path [] threw exception [An exception occurred processing [SearchPage.jsp] at line [25]

22: String query = request.getParameter("search_query");
23: 
24: if (query != null){
25:     Repository.openConnections();
26:     List<RetrievedDocument> results = SearchEngine.processQuery(query);
27:     for(int i = 0; i < results.size(); i++){
28:         out.println(results.get(i).htmlString());


Stacktrace:] with root cause
	org.rocksdb.RocksDBException: lock hold by current process, acquire time 1651163193 acquiring thread 13148823552: ./rocksdb/WordToWordId/LOCK: No locks available
		at org.rocksdb.RocksDB.open(Native Method)
		at org.rocksdb.RocksDB.open(RocksDB.java:251)
		at repository.Repository.openConnections(Repository.java:43)
		at org.apache.jsp.SearchPage_jsp._jspService(SearchPage_jsp.java:152)
		at org.apache.jasper.runtime.HttpJspBase.service(HttpJspBase.java:70)
		at jakarta.servlet.http.HttpServlet.service(HttpServlet.java:777)
		at org.apache.jasper.servlet.JspServletWrapper.service(JspServletWrapper.java:466)
		at org.apache.jasper.servlet.JspServlet.serviceJspFile(JspServlet.java:380)
		at org.apache.jasper.servlet.JspServlet.service(JspServlet.java:328)
		at jakarta.servlet.http.HttpServlet.service(HttpServlet.java:777)
		at org.apache.catalina.core.ApplicationFilterChain.internalDoFilter(ApplicationFilterChain.java:223)
		at org.apache.catalina.core.ApplicationFilterChain.doFilter(ApplicationFilterChain.java:158)
		at org.apache.tomcat.websocket.server.WsFilter.doFilter(WsFilter.java:53)
		at org.apache.catalina.core.ApplicationFilterChain.internalDoFilter(ApplicationFilterChain.java:185)
		at org.apache.catalina.core.ApplicationFilterChain.doFilter(ApplicationFilterChain.java:158)
		at org.apache.catalina.core.StandardWrapperValve.invoke(StandardWrapperValve.java:197)
		at org.apache.catalina.core.StandardContextValve.invoke(StandardContextValve.java:97)
		at org.apache.catalina.authenticator.AuthenticatorBase.invoke(AuthenticatorBase.java:542)
		at org.apache.catalina.core.StandardHostValve.invoke(StandardHostValve.java:119)
		at org.apache.catalina.valves.ErrorReportValve.invoke(ErrorReportValve.java:92)
		at org.apache.catalina.valves.AbstractAccessLogValve.invoke(AbstractAccessLogValve.java:690)
		at org.apache.catalina.core.StandardEngineValve.invoke(StandardEngineValve.java:78)
		at org.apache.catalina.connector.CoyoteAdapter.service(CoyoteAdapter.java:356)
		at org.apache.coyote.http11.Http11Processor.service(Http11Processor.java:399)
		at org.apache.coyote.AbstractProcessorLight.process(AbstractProcessorLight.java:65)
		at org.apache.coyote.AbstractProtocol$ConnectionHandler.process(AbstractProtocol.java:867)
		at org.apache.tomcat.util.net.NioEndpoint$SocketProcessor.doRun(NioEndpoint.java:1716)
		at org.apache.tomcat.util.net.SocketProcessorBase.run(SocketProcessorBase.java:49)
		at org.apache.tomcat.util.threads.ThreadPoolExecutor.runWorker(ThreadPoolExecutor.java:1191)
		at org.apache.tomcat.util.threads.ThreadPoolExecutor$Worker.run(ThreadPoolExecutor.java:659)
		at org.apache.tomcat.util.threads.TaskThread$WrappingRunnable.run(TaskThread.java:61)
		at java.base/java.lang.Thread.run(Thread.java:832)
29-Apr-2022 00:28:57.934 SEVERE [http-nio-8080-exec-8] org.apache.catalina.core.StandardWrapperValve.invoke Servlet.service() for servlet [jsp] in context with path [] threw exception [An exception occurred processing [SearchPage.jsp] at line [25]

22: String query = request.getParameter("search_query");
23: 
24: if (query != null){
25:     Repository.openConnections();
26:     List<RetrievedDocument> results = SearchEngine.processQuery(query);
27:     for(int i = 0; i < results.size(); i++){
28:         out.println(results.get(i).htmlString());


Stacktrace:] with root cause
	org.rocksdb.RocksDBException: lock hold by current process, acquire time 1651163193 acquiring thread 13148823552: ./rocksdb/WordToWordId/LOCK: No locks available
		at org.rocksdb.RocksDB.open(Native Method)
		at org.rocksdb.RocksDB.open(RocksDB.java:251)
		at repository.Repository.openConnections(Repository.java:43)
		at org.apache.jsp.SearchPage_jsp._jspService(SearchPage_jsp.java:152)
		at org.apache.jasper.runtime.HttpJspBase.service(HttpJspBase.java:70)
		at jakarta.servlet.http.HttpServlet.service(HttpServlet.java:777)
		at org.apache.jasper.servlet.JspServletWrapper.service(JspServletWrapper.java:466)
		at org.apache.jasper.servlet.JspServlet.serviceJspFile(JspServlet.java:380)
		at org.apache.jasper.servlet.JspServlet.service(JspServlet.java:328)
		at jakarta.servlet.http.HttpServlet.service(HttpServlet.java:777)
		at org.apache.catalina.core.ApplicationFilterChain.internalDoFilter(ApplicationFilterChain.java:223)
		at org.apache.catalina.core.ApplicationFilterChain.doFilter(ApplicationFilterChain.java:158)
		at org.apache.tomcat.websocket.server.WsFilter.doFilter(WsFilter.java:53)
		at org.apache.catalina.core.ApplicationFilterChain.internalDoFilter(ApplicationFilterChain.java:185)
		at org.apache.catalina.core.ApplicationFilterChain.doFilter(ApplicationFilterChain.java:158)
		at org.apache.catalina.core.StandardWrapperValve.invoke(StandardWrapperValve.java:197)
		at org.apache.catalina.core.StandardContextValve.invoke(StandardContextValve.java:97)
		at org.apache.catalina.authenticator.AuthenticatorBase.invoke(AuthenticatorBase.java:542)
		at org.apache.catalina.core.StandardHostValve.invoke(StandardHostValve.java:119)
		at org.apache.catalina.valves.ErrorReportValve.invoke(ErrorReportValve.java:92)
		at org.apache.catalina.valves.AbstractAccessLogValve.invoke(AbstractAccessLogValve.java:690)
		at org.apache.catalina.core.StandardEngineValve.invoke(StandardEngineValve.java:78)
		at org.apache.catalina.connector.CoyoteAdapter.service(CoyoteAdapter.java:356)
		at org.apache.coyote.http11.Http11Processor.service(Http11Processor.java:399)
		at org.apache.coyote.AbstractProcessorLight.process(AbstractProcessorLight.java:65)
		at org.apache.coyote.AbstractProtocol$ConnectionHandler.process(AbstractProtocol.java:867)
		at org.apache.tomcat.util.net.NioEndpoint$SocketProcessor.doRun(NioEndpoint.java:1716)
		at org.apache.tomcat.util.net.SocketProcessorBase.run(SocketProcessorBase.java:49)
		at org.apache.tomcat.util.threads.ThreadPoolExecutor.runWorker(ThreadPoolExecutor.java:1191)
		at org.apache.tomcat.util.threads.ThreadPoolExecutor$Worker.run(ThreadPoolExecutor.java:659)
		at org.apache.tomcat.util.threads.TaskThread$WrappingRunnable.run(TaskThread.java:61)
		at java.base/java.lang.Thread.run(Thread.java:832)
29-Apr-2022 00:30:58.367 INFO [main] org.apache.catalina.core.ApplicationContext.log SessionListener: contextDestroyed()
29-Apr-2022 00:30:58.367 INFO [main] org.apache.catalina.core.ApplicationContext.log ContextListener: contextDestroyed()
29-Apr-2022 00:32:33.371 INFO [main] org.apache.catalina.core.ApplicationContext.log ContextListener: contextInitialized()
29-Apr-2022 00:32:33.371 INFO [main] org.apache.catalina.core.ApplicationContext.log SessionListener: contextInitialized()
29-Apr-2022 00:32:33.376 INFO [main] org.apache.catalina.core.ApplicationContext.log ContextListener: attributeAdded('StockTicker', 'async.Stockticker@40e10ff8')
29-Apr-2022 00:32:51.156 INFO [main] org.apache.catalina.core.ApplicationContext.log SessionListener: contextDestroyed()
29-Apr-2022 00:32:51.156 INFO [main] org.apache.catalina.core.ApplicationContext.log ContextListener: contextDestroyed()
29-Apr-2022 00:38:04.901 INFO [main] org.apache.catalina.core.ApplicationContext.log ContextListener: contextInitialized()
29-Apr-2022 00:38:04.901 INFO [main] org.apache.catalina.core.ApplicationContext.log SessionListener: contextInitialized()
29-Apr-2022 00:38:04.903 INFO [main] org.apache.catalina.core.ApplicationContext.log ContextListener: attributeAdded('StockTicker', 'async.Stockticker@7bc10d84')
29-Apr-2022 00:49:36.976 SEVERE [http-nio-8080-exec-10] org.apache.catalina.core.StandardWrapperValve.invoke Servlet.service() for servlet [jsp] in context with path [] threw exception [An exception occurred processing [/index.jsp] at line [65]

62: 
63: if (query != null){
64:     Repository.openConnections();
65:     List<RetrievedDocument> results = SearchEngine.processQuery(query);
66:     for(int i = 0; i < results.size(); i++){
67:         out.println(results.get(i).htmlString());
68:     }


Stacktrace:] with root cause
	java.lang.NullPointerException: Cannot invoke "String.getBytes()" because "wordId" is null
		at repository.Repository$InvertedIndex.getMap_pageId_wordPosList(Repository.java:306)
		at engine.ScoresUtil$Content.computeTermFreq_word(ScoresUtil.java:130)
		at engine.SearchEngine.processQuery(SearchEngine.java:38)
		at org.apache.jsp.index_jsp._jspService(index_jsp.java:192)
		at org.apache.jasper.runtime.HttpJspBase.service(HttpJspBase.java:70)
		at jakarta.servlet.http.HttpServlet.service(HttpServlet.java:777)
		at org.apache.jasper.servlet.JspServletWrapper.service(JspServletWrapper.java:466)
		at org.apache.jasper.servlet.JspServlet.serviceJspFile(JspServlet.java:380)
		at org.apache.jasper.servlet.JspServlet.service(JspServlet.java:328)
		at jakarta.servlet.http.HttpServlet.service(HttpServlet.java:777)
		at org.apache.catalina.core.ApplicationFilterChain.internalDoFilter(ApplicationFilterChain.java:223)
		at org.apache.catalina.core.ApplicationFilterChain.doFilter(ApplicationFilterChain.java:158)
		at org.apache.tomcat.websocket.server.WsFilter.doFilter(WsFilter.java:53)
		at org.apache.catalina.core.ApplicationFilterChain.internalDoFilter(ApplicationFilterChain.java:185)
		at org.apache.catalina.core.ApplicationFilterChain.doFilter(ApplicationFilterChain.java:158)
		at org.apache.catalina.core.StandardWrapperValve.invoke(StandardWrapperValve.java:197)
		at org.apache.catalina.core.StandardContextValve.invoke(StandardContextValve.java:97)
		at org.apache.catalina.authenticator.AuthenticatorBase.invoke(AuthenticatorBase.java:542)
		at org.apache.catalina.core.StandardHostValve.invoke(StandardHostValve.java:119)
		at org.apache.catalina.valves.ErrorReportValve.invoke(ErrorReportValve.java:92)
		at org.apache.catalina.valves.AbstractAccessLogValve.invoke(AbstractAccessLogValve.java:690)
		at org.apache.catalina.core.StandardEngineValve.invoke(StandardEngineValve.java:78)
		at org.apache.catalina.connector.CoyoteAdapter.service(CoyoteAdapter.java:356)
		at org.apache.coyote.http11.Http11Processor.service(Http11Processor.java:399)
		at org.apache.coyote.AbstractProcessorLight.process(AbstractProcessorLight.java:65)
		at org.apache.coyote.AbstractProtocol$ConnectionHandler.process(AbstractProtocol.java:867)
		at org.apache.tomcat.util.net.NioEndpoint$SocketProcessor.doRun(NioEndpoint.java:1716)
		at org.apache.tomcat.util.net.SocketProcessorBase.run(SocketProcessorBase.java:49)
		at org.apache.tomcat.util.threads.ThreadPoolExecutor.runWorker(ThreadPoolExecutor.java:1191)
		at org.apache.tomcat.util.threads.ThreadPoolExecutor$Worker.run(ThreadPoolExecutor.java:659)
		at org.apache.tomcat.util.threads.TaskThread$WrappingRunnable.run(TaskThread.java:61)
		at java.base/java.lang.Thread.run(Thread.java:832)
29-Apr-2022 00:49:47.287 INFO [main] org.apache.catalina.core.ApplicationContext.log SessionListener: contextDestroyed()
29-Apr-2022 00:49:47.287 INFO [main] org.apache.catalina.core.ApplicationContext.log ContextListener: contextDestroyed()
29-Apr-2022 00:50:22.852 INFO [main] org.apache.catalina.core.ApplicationContext.log ContextListener: contextInitialized()
29-Apr-2022 00:50:22.852 INFO [main] org.apache.catalina.core.ApplicationContext.log SessionListener: contextInitialized()
29-Apr-2022 00:50:22.853 INFO [main] org.apache.catalina.core.ApplicationContext.log ContextListener: attributeAdded('StockTicker', 'async.Stockticker@6d24ffa1')
29-Apr-2022 01:04:38.071 SEVERE [http-nio-8080-exec-8] org.apache.catalina.core.StandardWrapperValve.invoke Servlet.service() for servlet [jsp] in context with path [] threw exception [An exception occurred processing [/SearchPage.jsp] at line [76]

73: 
74: if (query != null){
75:     Repository.openConnections();
76:     List<RetrievedDocument> results = SearchEngine.processQuery(query);
77:     for(int i = 0; i < results.size(); i++){
78:         out.println(results.get(i).htmlString());
79:     }


Stacktrace:] with root cause
	java.lang.NullPointerException: Cannot invoke "String.getBytes()" because "wordId" is null
		at repository.Repository$InvertedIndex.getMap_pageId_wordPosList(Repository.java:306)
		at engine.ScoresUtil$Content.computeTermFreq_word(ScoresUtil.java:130)
		at engine.SearchEngine.processQuery(SearchEngine.java:38)
		at org.apache.jsp.SearchPage_jsp._jspService(SearchPage_jsp.java:204)
		at org.apache.jasper.runtime.HttpJspBase.service(HttpJspBase.java:70)
		at jakarta.servlet.http.HttpServlet.service(HttpServlet.java:777)
		at org.apache.jasper.servlet.JspServletWrapper.service(JspServletWrapper.java:466)
		at org.apache.jasper.servlet.JspServlet.serviceJspFile(JspServlet.java:380)
		at org.apache.jasper.servlet.JspServlet.service(JspServlet.java:328)
		at jakarta.servlet.http.HttpServlet.service(HttpServlet.java:777)
		at org.apache.catalina.core.ApplicationFilterChain.internalDoFilter(ApplicationFilterChain.java:223)
		at org.apache.catalina.core.ApplicationFilterChain.doFilter(ApplicationFilterChain.java:158)
		at org.apache.tomcat.websocket.server.WsFilter.doFilter(WsFilter.java:53)
		at org.apache.catalina.core.ApplicationFilterChain.internalDoFilter(ApplicationFilterChain.java:185)
		at org.apache.catalina.core.ApplicationFilterChain.doFilter(ApplicationFilterChain.java:158)
		at org.apache.catalina.core.StandardWrapperValve.invoke(StandardWrapperValve.java:197)
		at org.apache.catalina.core.StandardContextValve.invoke(StandardContextValve.java:97)
		at org.apache.catalina.authenticator.AuthenticatorBase.invoke(AuthenticatorBase.java:542)
		at org.apache.catalina.core.StandardHostValve.invoke(StandardHostValve.java:119)
		at org.apache.catalina.valves.ErrorReportValve.invoke(ErrorReportValve.java:92)
		at org.apache.catalina.valves.AbstractAccessLogValve.invoke(AbstractAccessLogValve.java:690)
		at org.apache.catalina.core.StandardEngineValve.invoke(StandardEngineValve.java:78)
		at org.apache.catalina.connector.CoyoteAdapter.service(CoyoteAdapter.java:356)
		at org.apache.coyote.http11.Http11Processor.service(Http11Processor.java:399)
		at org.apache.coyote.AbstractProcessorLight.process(AbstractProcessorLight.java:65)
		at org.apache.coyote.AbstractProtocol$ConnectionHandler.process(AbstractProtocol.java:867)
		at org.apache.tomcat.util.net.NioEndpoint$SocketProcessor.doRun(NioEndpoint.java:1716)
		at org.apache.tomcat.util.net.SocketProcessorBase.run(SocketProcessorBase.java:49)
		at org.apache.tomcat.util.threads.ThreadPoolExecutor.runWorker(ThreadPoolExecutor.java:1191)
		at org.apache.tomcat.util.threads.ThreadPoolExecutor$Worker.run(ThreadPoolExecutor.java:659)
		at org.apache.tomcat.util.threads.TaskThread$WrappingRunnable.run(TaskThread.java:61)
		at java.base/java.lang.Thread.run(Thread.java:832)
29-Apr-2022 01:04:46.363 INFO [main] org.apache.catalina.core.ApplicationContext.log SessionListener: contextDestroyed()
29-Apr-2022 01:04:46.363 INFO [main] org.apache.catalina.core.ApplicationContext.log ContextListener: contextDestroyed()
29-Apr-2022 01:04:49.359 INFO [main] org.apache.catalina.core.ApplicationContext.log ContextListener: contextInitialized()
29-Apr-2022 01:04:49.359 INFO [main] org.apache.catalina.core.ApplicationContext.log SessionListener: contextInitialized()
29-Apr-2022 01:04:49.361 INFO [main] org.apache.catalina.core.ApplicationContext.log ContextListener: attributeAdded('StockTicker', 'async.Stockticker@7bc10d84')
29-Apr-2022 01:25:13.270 INFO [main] org.apache.catalina.core.ApplicationContext.log SessionListener: contextDestroyed()
29-Apr-2022 01:25:13.270 INFO [main] org.apache.catalina.core.ApplicationContext.log ContextListener: contextDestroyed()
29-Apr-2022 01:25:19.360 INFO [main] org.apache.catalina.core.ApplicationContext.log ContextListener: contextInitialized()
29-Apr-2022 01:25:19.360 INFO [main] org.apache.catalina.core.ApplicationContext.log SessionListener: contextInitialized()
29-Apr-2022 01:25:19.362 INFO [main] org.apache.catalina.core.ApplicationContext.log ContextListener: attributeAdded('StockTicker', 'async.Stockticker@3234f74e')
29-Apr-2022 01:27:20.141 INFO [main] org.apache.catalina.core.ApplicationContext.log SessionListener: contextDestroyed()
29-Apr-2022 01:27:20.141 INFO [main] org.apache.catalina.core.ApplicationContext.log ContextListener: contextDestroyed()
29-Apr-2022 01:27:23.545 INFO [main] org.apache.catalina.core.ApplicationContext.log ContextListener: contextInitialized()
29-Apr-2022 01:27:23.546 INFO [main] org.apache.catalina.core.ApplicationContext.log SessionListener: contextInitialized()
29-Apr-2022 01:27:23.548 INFO [main] org.apache.catalina.core.ApplicationContext.log ContextListener: attributeAdded('StockTicker', 'async.Stockticker@7bc10d84')
29-Apr-2022 01:28:56.028 INFO [main] org.apache.catalina.core.ApplicationContext.log SessionListener: contextDestroyed()
29-Apr-2022 01:28:56.028 INFO [main] org.apache.catalina.core.ApplicationContext.log ContextListener: contextDestroyed()
29-Apr-2022 01:28:59.104 INFO [main] org.apache.catalina.core.ApplicationContext.log ContextListener: contextInitialized()
29-Apr-2022 01:28:59.104 INFO [main] org.apache.catalina.core.ApplicationContext.log SessionListener: contextInitialized()
29-Apr-2022 01:28:59.106 INFO [main] org.apache.catalina.core.ApplicationContext.log ContextListener: attributeAdded('StockTicker', 'async.Stockticker@55e8ec2f')
29-Apr-2022 01:33:14.311 INFO [main] org.apache.catalina.core.ApplicationContext.log SessionListener: contextDestroyed()
29-Apr-2022 01:33:14.311 INFO [main] org.apache.catalina.core.ApplicationContext.log ContextListener: contextDestroyed()
29-Apr-2022 01:33:20.428 INFO [main] org.apache.catalina.core.ApplicationContext.log ContextListener: contextInitialized()
29-Apr-2022 01:33:20.428 INFO [main] org.apache.catalina.core.ApplicationContext.log SessionListener: contextInitialized()
29-Apr-2022 01:33:20.430 INFO [main] org.apache.catalina.core.ApplicationContext.log ContextListener: attributeAdded('StockTicker', 'async.Stockticker@5ed731d0')
29-Apr-2022 01:33:50.813 INFO [main] org.apache.catalina.core.ApplicationContext.log SessionListener: contextDestroyed()
29-Apr-2022 01:33:50.814 INFO [main] org.apache.catalina.core.ApplicationContext.log ContextListener: contextDestroyed()
29-Apr-2022 01:33:53.784 INFO [main] org.apache.catalina.core.ApplicationContext.log ContextListener: contextInitialized()
29-Apr-2022 01:33:53.784 INFO [main] org.apache.catalina.core.ApplicationContext.log SessionListener: contextInitialized()
29-Apr-2022 01:33:53.786 INFO [main] org.apache.catalina.core.ApplicationContext.log ContextListener: attributeAdded('StockTicker', 'async.Stockticker@275fe372')
29-Apr-2022 01:36:54.835 INFO [main] org.apache.catalina.core.ApplicationContext.log SessionListener: contextDestroyed()
29-Apr-2022 01:36:54.836 INFO [main] org.apache.catalina.core.ApplicationContext.log ContextListener: contextDestroyed()
29-Apr-2022 01:36:58.797 INFO [main] org.apache.catalina.core.ApplicationContext.log ContextListener: contextInitialized()
29-Apr-2022 01:36:58.797 INFO [main] org.apache.catalina.core.ApplicationContext.log SessionListener: contextInitialized()
29-Apr-2022 01:36:58.799 INFO [main] org.apache.catalina.core.ApplicationContext.log ContextListener: attributeAdded('StockTicker', 'async.Stockticker@40e10ff8')
29-Apr-2022 02:24:56.295 INFO [main] org.apache.catalina.core.ApplicationContext.log SessionListener: contextDestroyed()
29-Apr-2022 02:24:56.295 INFO [main] org.apache.catalina.core.ApplicationContext.log ContextListener: contextDestroyed()
29-Apr-2022 02:25:02.299 INFO [main] org.apache.catalina.core.ApplicationContext.log ContextListener: contextInitialized()
29-Apr-2022 02:25:02.299 INFO [main] org.apache.catalina.core.ApplicationContext.log SessionListener: contextInitialized()
29-Apr-2022 02:25:02.301 INFO [main] org.apache.catalina.core.ApplicationContext.log ContextListener: attributeAdded('StockTicker', 'async.Stockticker@6d24ffa1')
29-Apr-2022 02:25:13.090 SEVERE [http-nio-8080-exec-9] org.apache.catalina.core.StandardWrapperValve.invoke Servlet.service() for servlet [jsp] in context with path [] threw exception [Unable to compile class for JSP: 

An error occurred at line: [31] in the jsp file: [/SearchPage.jsp]
Syntax error, insert ")" to complete MethodInvocation
28:                         String query = request.getParameter("search_query");
29:                         
30:                         if (query != null){
31:                             out.println("<input type="text" value=`query`  id="searchQuery" /><input type="submit" id="submit" value="" />")
32:                         }%>
33: 					</form>
34: 					<div id="searchIcon"></div>


An error occurred at line: [31] in the jsp file: [/SearchPage.jsp]
Syntax error, insert ";" to complete BlockStatements
28:                         String query = request.getParameter("search_query");
29:                         
30:                         if (query != null){
31:                             out.println("<input type="text" value=`query`  id="searchQuery" /><input type="submit" id="submit" value="" />")
32:                         }%>
33: 					</form>
34: 					<div id="searchIcon"></div>


Stacktrace:] with root cause
	org.apache.jasper.JasperException: Unable to compile class for JSP: 

An error occurred at line: [31] in the jsp file: [/SearchPage.jsp]
Syntax error, insert ")" to complete MethodInvocation
28:                         String query = request.getParameter("search_query");
29:                         
30:                         if (query != null){
31:                             out.println("<input type="text" value=`query`  id="searchQuery" /><input type="submit" id="submit" value="" />")
32:                         }%>
33: 					</form>
34: 					<div id="searchIcon"></div>


An error occurred at line: [31] in the jsp file: [/SearchPage.jsp]
Syntax error, insert ";" to complete BlockStatements
28:                         String query = request.getParameter("search_query");
29:                         
30:                         if (query != null){
31:                             out.println("<input type="text" value=`query`  id="searchQuery" /><input type="submit" id="submit" value="" />")
32:                         }%>
33: 					</form>
34: 					<div id="searchIcon"></div>


Stacktrace:
		at org.apache.jasper.compiler.DefaultErrorHandler.javacError(DefaultErrorHandler.java:102)
		at org.apache.jasper.compiler.ErrorDispatcher.javacError(ErrorDispatcher.java:213)
		at org.apache.jasper.compiler.JDTCompiler.generateClass(JDTCompiler.java:498)
		at org.apache.jasper.compiler.Compiler.compile(Compiler.java:397)
		at org.apache.jasper.compiler.Compiler.compile(Compiler.java:367)
		at org.apache.jasper.compiler.Compiler.compile(Compiler.java:351)
		at org.apache.jasper.JspCompilationContext.compile(JspCompilationContext.java:603)
		at org.apache.jasper.servlet.JspServletWrapper.service(JspServletWrapper.java:399)
		at org.apache.jasper.servlet.JspServlet.serviceJspFile(JspServlet.java:380)
		at org.apache.jasper.servlet.JspServlet.service(JspServlet.java:328)
		at jakarta.servlet.http.HttpServlet.service(HttpServlet.java:777)
		at org.apache.catalina.core.ApplicationFilterChain.internalDoFilter(ApplicationFilterChain.java:223)
		at org.apache.catalina.core.ApplicationFilterChain.doFilter(ApplicationFilterChain.java:158)
		at org.apache.tomcat.websocket.server.WsFilter.doFilter(WsFilter.java:53)
		at org.apache.catalina.core.ApplicationFilterChain.internalDoFilter(ApplicationFilterChain.java:185)
		at org.apache.catalina.core.ApplicationFilterChain.doFilter(ApplicationFilterChain.java:158)
		at org.apache.catalina.core.StandardWrapperValve.invoke(StandardWrapperValve.java:197)
		at org.apache.catalina.core.StandardContextValve.invoke(StandardContextValve.java:97)
		at org.apache.catalina.authenticator.AuthenticatorBase.invoke(AuthenticatorBase.java:542)
		at org.apache.catalina.core.StandardHostValve.invoke(StandardHostValve.java:119)
		at org.apache.catalina.valves.ErrorReportValve.invoke(ErrorReportValve.java:92)
		at org.apache.catalina.valves.AbstractAccessLogValve.invoke(AbstractAccessLogValve.java:690)
		at org.apache.catalina.core.StandardEngineValve.invoke(StandardEngineValve.java:78)
		at org.apache.catalina.connector.CoyoteAdapter.service(CoyoteAdapter.java:356)
		at org.apache.coyote.http11.Http11Processor.service(Http11Processor.java:399)
		at org.apache.coyote.AbstractProcessorLight.process(AbstractProcessorLight.java:65)
		at org.apache.coyote.AbstractProtocol$ConnectionHandler.process(AbstractProtocol.java:867)
		at org.apache.tomcat.util.net.NioEndpoint$SocketProcessor.doRun(NioEndpoint.java:1716)
		at org.apache.tomcat.util.net.SocketProcessorBase.run(SocketProcessorBase.java:49)
		at org.apache.tomcat.util.threads.ThreadPoolExecutor.runWorker(ThreadPoolExecutor.java:1191)
		at org.apache.tomcat.util.threads.ThreadPoolExecutor$Worker.run(ThreadPoolExecutor.java:659)
		at org.apache.tomcat.util.threads.TaskThread$WrappingRunnable.run(TaskThread.java:61)
		at java.base/java.lang.Thread.run(Thread.java:832)
29-Apr-2022 02:31:39.166 INFO [main] org.apache.catalina.core.ApplicationContext.log SessionListener: contextDestroyed()
29-Apr-2022 02:31:39.166 INFO [main] org.apache.catalina.core.ApplicationContext.log ContextListener: contextDestroyed()
29-Apr-2022 02:31:42.033 INFO [main] org.apache.catalina.core.ApplicationContext.log ContextListener: contextInitialized()
29-Apr-2022 02:31:42.033 INFO [main] org.apache.catalina.core.ApplicationContext.log SessionListener: contextInitialized()
29-Apr-2022 02:31:42.035 INFO [main] org.apache.catalina.core.ApplicationContext.log ContextListener: attributeAdded('StockTicker', 'async.Stockticker@40e10ff8')
29-Apr-2022 02:31:46.301 SEVERE [http-nio-8080-exec-1] org.apache.catalina.core.StandardWrapperValve.invoke Servlet.service() for servlet [jsp] in context with path [] threw exception [Unable to compile class for JSP: 

An error occurred at line: [29] in the jsp file: [/SearchPage.jsp]
req cannot be resolved
26:                         <!-- PrintWriter out = res.getWriter();  -->
27: 					<form action="" method="get">
28:                         <%
29:                         String query = req.getParameter("search_query");
30: 
31:                         out.println("<input type='text' value=" + query +  " id='searchQuery' name=search_query/>");
32:                         %>


An error occurred at line: [78] in the jsp file: [/SearchPage.jsp]
Duplicate local variable query
75: 		 </div>
76: 
77:          <%
78: String query = request.getParameter("search_query");
79: 
80: if (query != null){
81:     Repository.openConnections();


Stacktrace:] with root cause
	org.apache.jasper.JasperException: Unable to compile class for JSP: 

An error occurred at line: [29] in the jsp file: [/SearchPage.jsp]
req cannot be resolved
26:                         <!-- PrintWriter out = res.getWriter();  -->
27: 					<form action="" method="get">
28:                         <%
29:                         String query = req.getParameter("search_query");
30: 
31:                         out.println("<input type='text' value=" + query +  " id='searchQuery' name=search_query/>");
32:                         %>


An error occurred at line: [78] in the jsp file: [/SearchPage.jsp]
Duplicate local variable query
75: 		 </div>
76: 
77:          <%
78: String query = request.getParameter("search_query");
79: 
80: if (query != null){
81:     Repository.openConnections();


Stacktrace:
		at org.apache.jasper.compiler.DefaultErrorHandler.javacError(DefaultErrorHandler.java:102)
		at org.apache.jasper.compiler.ErrorDispatcher.javacError(ErrorDispatcher.java:213)
		at org.apache.jasper.compiler.JDTCompiler.generateClass(JDTCompiler.java:498)
		at org.apache.jasper.compiler.Compiler.compile(Compiler.java:397)
		at org.apache.jasper.compiler.Compiler.compile(Compiler.java:367)
		at org.apache.jasper.compiler.Compiler.compile(Compiler.java:351)
		at org.apache.jasper.JspCompilationContext.compile(JspCompilationContext.java:603)
		at org.apache.jasper.servlet.JspServletWrapper.service(JspServletWrapper.java:399)
		at org.apache.jasper.servlet.JspServlet.serviceJspFile(JspServlet.java:380)
		at org.apache.jasper.servlet.JspServlet.service(JspServlet.java:328)
		at jakarta.servlet.http.HttpServlet.service(HttpServlet.java:777)
		at org.apache.catalina.core.ApplicationFilterChain.internalDoFilter(ApplicationFilterChain.java:223)
		at org.apache.catalina.core.ApplicationFilterChain.doFilter(ApplicationFilterChain.java:158)
		at org.apache.tomcat.websocket.server.WsFilter.doFilter(WsFilter.java:53)
		at org.apache.catalina.core.ApplicationFilterChain.internalDoFilter(ApplicationFilterChain.java:185)
		at org.apache.catalina.core.ApplicationFilterChain.doFilter(ApplicationFilterChain.java:158)
		at org.apache.catalina.core.StandardWrapperValve.invoke(StandardWrapperValve.java:197)
		at org.apache.catalina.core.StandardContextValve.invoke(StandardContextValve.java:97)
		at org.apache.catalina.authenticator.AuthenticatorBase.invoke(AuthenticatorBase.java:542)
		at org.apache.catalina.core.StandardHostValve.invoke(StandardHostValve.java:119)
		at org.apache.catalina.valves.ErrorReportValve.invoke(ErrorReportValve.java:92)
		at org.apache.catalina.valves.AbstractAccessLogValve.invoke(AbstractAccessLogValve.java:690)
		at org.apache.catalina.core.StandardEngineValve.invoke(StandardEngineValve.java:78)
		at org.apache.catalina.connector.CoyoteAdapter.service(CoyoteAdapter.java:356)
		at org.apache.coyote.http11.Http11Processor.service(Http11Processor.java:399)
		at org.apache.coyote.AbstractProcessorLight.process(AbstractProcessorLight.java:65)
		at org.apache.coyote.AbstractProtocol$ConnectionHandler.process(AbstractProtocol.java:867)
		at org.apache.tomcat.util.net.NioEndpoint$SocketProcessor.doRun(NioEndpoint.java:1716)
		at org.apache.tomcat.util.net.SocketProcessorBase.run(SocketProcessorBase.java:49)
		at org.apache.tomcat.util.threads.ThreadPoolExecutor.runWorker(ThreadPoolExecutor.java:1191)
		at org.apache.tomcat.util.threads.ThreadPoolExecutor$Worker.run(ThreadPoolExecutor.java:659)
		at org.apache.tomcat.util.threads.TaskThread$WrappingRunnable.run(TaskThread.java:61)
		at java.base/java.lang.Thread.run(Thread.java:832)
29-Apr-2022 02:32:11.028 INFO [main] org.apache.catalina.core.ApplicationContext.log SessionListener: contextDestroyed()
29-Apr-2022 02:32:11.028 INFO [main] org.apache.catalina.core.ApplicationContext.log ContextListener: contextDestroyed()
29-Apr-2022 02:32:14.161 INFO [main] org.apache.catalina.core.ApplicationContext.log ContextListener: contextInitialized()
29-Apr-2022 02:32:14.161 INFO [main] org.apache.catalina.core.ApplicationContext.log SessionListener: contextInitialized()
29-Apr-2022 02:32:14.163 INFO [main] org.apache.catalina.core.ApplicationContext.log ContextListener: attributeAdded('StockTicker', 'async.Stockticker@5ed731d0')
29-Apr-2022 02:32:15.810 SEVERE [http-nio-8080-exec-1] org.apache.catalina.core.StandardWrapperValve.invoke Servlet.service() for servlet [jsp] in context with path [] threw exception [Unable to compile class for JSP: 

An error occurred at line: [29] in the jsp file: [/SearchPage.jsp]
req cannot be resolved
26:                         <!-- PrintWriter out = res.getWriter();  -->
27: 					<form action="" method="get">
28:                         <%
29:                         String yes = req.getParameter("search_query");
30: 
31:                         out.println("<input type='text' value=" + yes +  " id='searchQuery' name=search_query/>");
32:                         %>


Stacktrace:] with root cause
	org.apache.jasper.JasperException: Unable to compile class for JSP: 

An error occurred at line: [29] in the jsp file: [/SearchPage.jsp]
req cannot be resolved
26:                         <!-- PrintWriter out = res.getWriter();  -->
27: 					<form action="" method="get">
28:                         <%
29:                         String yes = req.getParameter("search_query");
30: 
31:                         out.println("<input type='text' value=" + yes +  " id='searchQuery' name=search_query/>");
32:                         %>


Stacktrace:
		at org.apache.jasper.compiler.DefaultErrorHandler.javacError(DefaultErrorHandler.java:102)
		at org.apache.jasper.compiler.ErrorDispatcher.javacError(ErrorDispatcher.java:213)
		at org.apache.jasper.compiler.JDTCompiler.generateClass(JDTCompiler.java:498)
		at org.apache.jasper.compiler.Compiler.compile(Compiler.java:397)
		at org.apache.jasper.compiler.Compiler.compile(Compiler.java:367)
		at org.apache.jasper.compiler.Compiler.compile(Compiler.java:351)
		at org.apache.jasper.JspCompilationContext.compile(JspCompilationContext.java:603)
		at org.apache.jasper.servlet.JspServletWrapper.service(JspServletWrapper.java:399)
		at org.apache.jasper.servlet.JspServlet.serviceJspFile(JspServlet.java:380)
		at org.apache.jasper.servlet.JspServlet.service(JspServlet.java:328)
		at jakarta.servlet.http.HttpServlet.service(HttpServlet.java:777)
		at org.apache.catalina.core.ApplicationFilterChain.internalDoFilter(ApplicationFilterChain.java:223)
		at org.apache.catalina.core.ApplicationFilterChain.doFilter(ApplicationFilterChain.java:158)
		at org.apache.tomcat.websocket.server.WsFilter.doFilter(WsFilter.java:53)
		at org.apache.catalina.core.ApplicationFilterChain.internalDoFilter(ApplicationFilterChain.java:185)
		at org.apache.catalina.core.ApplicationFilterChain.doFilter(ApplicationFilterChain.java:158)
		at org.apache.catalina.core.StandardWrapperValve.invoke(StandardWrapperValve.java:197)
		at org.apache.catalina.core.StandardContextValve.invoke(StandardContextValve.java:97)
		at org.apache.catalina.authenticator.AuthenticatorBase.invoke(AuthenticatorBase.java:542)
		at org.apache.catalina.core.StandardHostValve.invoke(StandardHostValve.java:119)
		at org.apache.catalina.valves.ErrorReportValve.invoke(ErrorReportValve.java:92)
		at org.apache.catalina.valves.AbstractAccessLogValve.invoke(AbstractAccessLogValve.java:690)
		at org.apache.catalina.core.StandardEngineValve.invoke(StandardEngineValve.java:78)
		at org.apache.catalina.connector.CoyoteAdapter.service(CoyoteAdapter.java:356)
		at org.apache.coyote.http11.Http11Processor.service(Http11Processor.java:399)
		at org.apache.coyote.AbstractProcessorLight.process(AbstractProcessorLight.java:65)
		at org.apache.coyote.AbstractProtocol$ConnectionHandler.process(AbstractProtocol.java:867)
		at org.apache.tomcat.util.net.NioEndpoint$SocketProcessor.doRun(NioEndpoint.java:1716)
		at org.apache.tomcat.util.net.SocketProcessorBase.run(SocketProcessorBase.java:49)
		at org.apache.tomcat.util.threads.ThreadPoolExecutor.runWorker(ThreadPoolExecutor.java:1191)
		at org.apache.tomcat.util.threads.ThreadPoolExecutor$Worker.run(ThreadPoolExecutor.java:659)
		at org.apache.tomcat.util.threads.TaskThread$WrappingRunnable.run(TaskThread.java:61)
		at java.base/java.lang.Thread.run(Thread.java:832)
29-Apr-2022 02:32:48.464 INFO [main] org.apache.catalina.core.ApplicationContext.log SessionListener: contextDestroyed()
29-Apr-2022 02:32:48.465 INFO [main] org.apache.catalina.core.ApplicationContext.log ContextListener: contextDestroyed()
29-Apr-2022 02:32:57.291 INFO [main] org.apache.catalina.core.ApplicationContext.log ContextListener: contextInitialized()
29-Apr-2022 02:32:57.291 INFO [main] org.apache.catalina.core.ApplicationContext.log SessionListener: contextInitialized()
29-Apr-2022 02:32:57.293 INFO [main] org.apache.catalina.core.ApplicationContext.log ContextListener: attributeAdded('StockTicker', 'async.Stockticker@40e10ff8')
29-Apr-2022 02:35:20.193 INFO [main] org.apache.catalina.core.ApplicationContext.log SessionListener: contextDestroyed()
29-Apr-2022 02:35:20.193 INFO [main] org.apache.catalina.core.ApplicationContext.log ContextListener: contextDestroyed()
29-Apr-2022 02:35:23.246 INFO [main] org.apache.catalina.core.ApplicationContext.log ContextListener: contextInitialized()
29-Apr-2022 02:35:23.246 INFO [main] org.apache.catalina.core.ApplicationContext.log SessionListener: contextInitialized()
29-Apr-2022 02:35:23.247 INFO [main] org.apache.catalina.core.ApplicationContext.log ContextListener: attributeAdded('StockTicker', 'async.Stockticker@5ed731d0')
29-Apr-2022 02:36:15.263 INFO [main] org.apache.catalina.core.ApplicationContext.log SessionListener: contextDestroyed()
29-Apr-2022 02:36:15.263 INFO [main] org.apache.catalina.core.ApplicationContext.log ContextListener: contextDestroyed()
29-Apr-2022 02:36:20.858 INFO [main] org.apache.catalina.core.ApplicationContext.log ContextListener: contextInitialized()
29-Apr-2022 02:36:20.858 INFO [main] org.apache.catalina.core.ApplicationContext.log SessionListener: contextInitialized()
29-Apr-2022 02:36:20.860 INFO [main] org.apache.catalina.core.ApplicationContext.log ContextListener: attributeAdded('StockTicker', 'async.Stockticker@7bc10d84')
29-Apr-2022 02:41:48.419 INFO [main] org.apache.catalina.core.ApplicationContext.log SessionListener: contextDestroyed()
29-Apr-2022 02:41:48.419 INFO [main] org.apache.catalina.core.ApplicationContext.log ContextListener: contextDestroyed()
29-Apr-2022 02:41:51.493 INFO [main] org.apache.catalina.core.ApplicationContext.log ContextListener: contextInitialized()
29-Apr-2022 02:41:51.493 INFO [main] org.apache.catalina.core.ApplicationContext.log SessionListener: contextInitialized()
29-Apr-2022 02:41:51.496 INFO [main] org.apache.catalina.core.ApplicationContext.log ContextListener: attributeAdded('StockTicker', 'async.Stockticker@5ed731d0')
29-Apr-2022 02:41:57.847 SEVERE [http-nio-8080-exec-2] org.apache.catalina.core.StandardWrapperValve.invoke Servlet.service() for servlet [jsp] in context with path [] threw exception [An exception occurred processing [/SearchPage.jsp] at line [81]

78: String query = request.getParameter("search_query");
79: 
80: if (query != null){
81:     Repository.openConnections();
82:     List<RetrievedDocument> results = SearchEngine.processQuery(query);
83:     for(int i = 0; i < results.size(); i++){
84:         out.println(results.get(i).htmlString());


Stacktrace:] with root cause
	org.rocksdb.RocksDBException: lock hold by current process, acquire time 1651171317 acquiring thread 13148282880: ./rocksdb/WordToWordId/LOCK: No locks available
		at org.rocksdb.RocksDB.open(Native Method)
		at org.rocksdb.RocksDB.open(RocksDB.java:251)
		at repository.Repository.openConnections(Repository.java:43)
		at org.apache.jsp.SearchPage_jsp._jspService(SearchPage_jsp.java:211)
		at org.apache.jasper.runtime.HttpJspBase.service(HttpJspBase.java:70)
		at jakarta.servlet.http.HttpServlet.service(HttpServlet.java:777)
		at org.apache.jasper.servlet.JspServletWrapper.service(JspServletWrapper.java:466)
		at org.apache.jasper.servlet.JspServlet.serviceJspFile(JspServlet.java:380)
		at org.apache.jasper.servlet.JspServlet.service(JspServlet.java:328)
		at jakarta.servlet.http.HttpServlet.service(HttpServlet.java:777)
		at org.apache.catalina.core.ApplicationFilterChain.internalDoFilter(ApplicationFilterChain.java:223)
		at org.apache.catalina.core.ApplicationFilterChain.doFilter(ApplicationFilterChain.java:158)
		at org.apache.tomcat.websocket.server.WsFilter.doFilter(WsFilter.java:53)
		at org.apache.catalina.core.ApplicationFilterChain.internalDoFilter(ApplicationFilterChain.java:185)
		at org.apache.catalina.core.ApplicationFilterChain.doFilter(ApplicationFilterChain.java:158)
		at org.apache.catalina.core.StandardWrapperValve.invoke(StandardWrapperValve.java:197)
		at org.apache.catalina.core.StandardContextValve.invoke(StandardContextValve.java:97)
		at org.apache.catalina.authenticator.AuthenticatorBase.invoke(AuthenticatorBase.java:542)
		at org.apache.catalina.core.StandardHostValve.invoke(StandardHostValve.java:119)
		at org.apache.catalina.valves.ErrorReportValve.invoke(ErrorReportValve.java:92)
		at org.apache.catalina.valves.AbstractAccessLogValve.invoke(AbstractAccessLogValve.java:690)
		at org.apache.catalina.core.StandardEngineValve.invoke(StandardEngineValve.java:78)
		at org.apache.catalina.connector.CoyoteAdapter.service(CoyoteAdapter.java:356)
		at org.apache.coyote.http11.Http11Processor.service(Http11Processor.java:399)
		at org.apache.coyote.AbstractProcessorLight.process(AbstractProcessorLight.java:65)
		at org.apache.coyote.AbstractProtocol$ConnectionHandler.process(AbstractProtocol.java:867)
		at org.apache.tomcat.util.net.NioEndpoint$SocketProcessor.doRun(NioEndpoint.java:1716)
		at org.apache.tomcat.util.net.SocketProcessorBase.run(SocketProcessorBase.java:49)
		at org.apache.tomcat.util.threads.ThreadPoolExecutor.runWorker(ThreadPoolExecutor.java:1191)
		at org.apache.tomcat.util.threads.ThreadPoolExecutor$Worker.run(ThreadPoolExecutor.java:659)
		at org.apache.tomcat.util.threads.TaskThread$WrappingRunnable.run(TaskThread.java:61)
		at java.base/java.lang.Thread.run(Thread.java:832)
29-Apr-2022 02:46:08.479 INFO [main] org.apache.catalina.core.ApplicationContext.log SessionListener: contextDestroyed()
29-Apr-2022 02:46:08.479 INFO [main] org.apache.catalina.core.ApplicationContext.log ContextListener: contextDestroyed()
29-Apr-2022 02:46:09.271 INFO [main] org.apache.catalina.core.ApplicationContext.log ContextListener: contextInitialized()
29-Apr-2022 02:46:09.271 INFO [main] org.apache.catalina.core.ApplicationContext.log SessionListener: contextInitialized()
29-Apr-2022 02:46:09.275 INFO [main] org.apache.catalina.core.ApplicationContext.log ContextListener: attributeAdded('StockTicker', 'async.Stockticker@557a1e2d')
29-Apr-2022 02:46:11.421 INFO [main] org.apache.catalina.core.ApplicationContext.log ContextListener: contextInitialized()
29-Apr-2022 02:46:11.422 INFO [main] org.apache.catalina.core.ApplicationContext.log SessionListener: contextInitialized()
29-Apr-2022 02:46:11.424 INFO [main] org.apache.catalina.core.ApplicationContext.log ContextListener: attributeAdded('StockTicker', 'async.Stockticker@275fe372')
29-Apr-2022 02:46:11.694 INFO [main] org.apache.catalina.core.ApplicationContext.log SessionListener: contextDestroyed()
29-Apr-2022 02:46:11.694 INFO [main] org.apache.catalina.core.ApplicationContext.log ContextListener: contextDestroyed()
29-Apr-2022 02:46:19.484 INFO [main] org.apache.catalina.core.ApplicationContext.log ContextListener: contextInitialized()
29-Apr-2022 02:46:19.484 INFO [main] org.apache.catalina.core.ApplicationContext.log SessionListener: contextInitialized()
29-Apr-2022 02:46:19.486 INFO [main] org.apache.catalina.core.ApplicationContext.log ContextListener: attributeAdded('StockTicker', 'async.Stockticker@7bc10d84')
29-Apr-2022 02:46:19.745 INFO [main] org.apache.catalina.core.ApplicationContext.log SessionListener: contextDestroyed()
29-Apr-2022 02:46:19.746 INFO [main] org.apache.catalina.core.ApplicationContext.log ContextListener: contextDestroyed()
29-Apr-2022 02:46:31.056 INFO [main] org.apache.catalina.core.ApplicationContext.log SessionListener: contextDestroyed()
29-Apr-2022 02:46:31.056 INFO [main] org.apache.catalina.core.ApplicationContext.log ContextListener: contextDestroyed()
29-Apr-2022 02:46:33.885 INFO [main] org.apache.catalina.core.ApplicationContext.log ContextListener: contextInitialized()
29-Apr-2022 02:46:33.885 INFO [main] org.apache.catalina.core.ApplicationContext.log SessionListener: contextInitialized()
29-Apr-2022 02:46:33.888 INFO [main] org.apache.catalina.core.ApplicationContext.log ContextListener: attributeAdded('StockTicker', 'async.Stockticker@7bc10d84')
29-Apr-2022 02:48:09.574 INFO [main] org.apache.catalina.core.ApplicationContext.log SessionListener: contextDestroyed()
29-Apr-2022 02:48:09.574 INFO [main] org.apache.catalina.core.ApplicationContext.log ContextListener: contextDestroyed()
29-Apr-2022 02:48:12.345 INFO [main] org.apache.catalina.core.ApplicationContext.log ContextListener: contextInitialized()
29-Apr-2022 02:48:12.345 INFO [main] org.apache.catalina.core.ApplicationContext.log SessionListener: contextInitialized()
29-Apr-2022 02:48:12.363 INFO [main] org.apache.catalina.core.ApplicationContext.log ContextListener: attributeAdded('StockTicker', 'async.Stockticker@5ed731d0')
29-Apr-2022 02:48:20.808 SEVERE [http-nio-8080-exec-9] org.apache.catalina.core.StandardWrapperValve.invoke Servlet.service() for servlet [jsp] in context with path [] threw exception [Unable to compile class for JSP: 

An error occurred at line: [31] in the jsp file: [/SearchPage.jsp]
The operator * is undefined for the argument type(s) java.lang.String, java.lang.String
28:                         <%
29:                         String yes = request.getParameter("search_query");
30: 
31:                         out.println("<input type='text' value=" + yes +  " id='searchQuery' name="search_query"/>");
32:                         %>
33:                         <button type='submit' id='submit'></button>
34: 					</form>


An error occurred at line: [31] in the jsp file: [/SearchPage.jsp]
Syntax error on token "search_query", * expected
28:                         <%
29:                         String yes = request.getParameter("search_query");
30: 
31:                         out.println("<input type='text' value=" + yes +  " id='searchQuery' name="search_query"/>");
32:                         %>
33:                         <button type='submit' id='submit'></button>
34: 					</form>


Stacktrace:] with root cause
	org.apache.jasper.JasperException: Unable to compile class for JSP: 

An error occurred at line: [31] in the jsp file: [/SearchPage.jsp]
The operator * is undefined for the argument type(s) java.lang.String, java.lang.String
28:                         <%
29:                         String yes = request.getParameter("search_query");
30: 
31:                         out.println("<input type='text' value=" + yes +  " id='searchQuery' name="search_query"/>");
32:                         %>
33:                         <button type='submit' id='submit'></button>
34: 					</form>


An error occurred at line: [31] in the jsp file: [/SearchPage.jsp]
Syntax error on token "search_query", * expected
28:                         <%
29:                         String yes = request.getParameter("search_query");
30: 
31:                         out.println("<input type='text' value=" + yes +  " id='searchQuery' name="search_query"/>");
32:                         %>
33:                         <button type='submit' id='submit'></button>
34: 					</form>


Stacktrace:
		at org.apache.jasper.compiler.DefaultErrorHandler.javacError(DefaultErrorHandler.java:102)
		at org.apache.jasper.compiler.ErrorDispatcher.javacError(ErrorDispatcher.java:213)
		at org.apache.jasper.compiler.JDTCompiler.generateClass(JDTCompiler.java:498)
		at org.apache.jasper.compiler.Compiler.compile(Compiler.java:397)
		at org.apache.jasper.compiler.Compiler.compile(Compiler.java:367)
		at org.apache.jasper.compiler.Compiler.compile(Compiler.java:351)
		at org.apache.jasper.JspCompilationContext.compile(JspCompilationContext.java:603)
		at org.apache.jasper.servlet.JspServletWrapper.service(JspServletWrapper.java:399)
		at org.apache.jasper.servlet.JspServlet.serviceJspFile(JspServlet.java:380)
		at org.apache.jasper.servlet.JspServlet.service(JspServlet.java:328)
		at jakarta.servlet.http.HttpServlet.service(HttpServlet.java:777)
		at org.apache.catalina.core.ApplicationFilterChain.internalDoFilter(ApplicationFilterChain.java:223)
		at org.apache.catalina.core.ApplicationFilterChain.doFilter(ApplicationFilterChain.java:158)
		at org.apache.tomcat.websocket.server.WsFilter.doFilter(WsFilter.java:53)
		at org.apache.catalina.core.ApplicationFilterChain.internalDoFilter(ApplicationFilterChain.java:185)
		at org.apache.catalina.core.ApplicationFilterChain.doFilter(ApplicationFilterChain.java:158)
		at org.apache.catalina.core.StandardWrapperValve.invoke(StandardWrapperValve.java:197)
		at org.apache.catalina.core.StandardContextValve.invoke(StandardContextValve.java:97)
		at org.apache.catalina.authenticator.AuthenticatorBase.invoke(AuthenticatorBase.java:542)
		at org.apache.catalina.core.StandardHostValve.invoke(StandardHostValve.java:119)
		at org.apache.catalina.valves.ErrorReportValve.invoke(ErrorReportValve.java:92)
		at org.apache.catalina.valves.AbstractAccessLogValve.invoke(AbstractAccessLogValve.java:690)
		at org.apache.catalina.core.StandardEngineValve.invoke(StandardEngineValve.java:78)
		at org.apache.catalina.connector.CoyoteAdapter.service(CoyoteAdapter.java:356)
		at org.apache.coyote.http11.Http11Processor.service(Http11Processor.java:399)
		at org.apache.coyote.AbstractProcessorLight.process(AbstractProcessorLight.java:65)
		at org.apache.coyote.AbstractProtocol$ConnectionHandler.process(AbstractProtocol.java:867)
		at org.apache.tomcat.util.net.NioEndpoint$SocketProcessor.doRun(NioEndpoint.java:1716)
		at org.apache.tomcat.util.net.SocketProcessorBase.run(SocketProcessorBase.java:49)
		at org.apache.tomcat.util.threads.ThreadPoolExecutor.runWorker(ThreadPoolExecutor.java:1191)
		at org.apache.tomcat.util.threads.ThreadPoolExecutor$Worker.run(ThreadPoolExecutor.java:659)
		at org.apache.tomcat.util.threads.TaskThread$WrappingRunnable.run(TaskThread.java:61)
		at java.base/java.lang.Thread.run(Thread.java:832)
29-Apr-2022 02:48:43.677 INFO [main] org.apache.catalina.core.ApplicationContext.log SessionListener: contextDestroyed()
29-Apr-2022 02:48:43.677 INFO [main] org.apache.catalina.core.ApplicationContext.log ContextListener: contextDestroyed()
29-Apr-2022 02:48:52.897 INFO [main] org.apache.catalina.core.ApplicationContext.log ContextListener: contextInitialized()
29-Apr-2022 02:48:52.898 INFO [main] org.apache.catalina.core.ApplicationContext.log SessionListener: contextInitialized()
29-Apr-2022 02:48:52.899 INFO [main] org.apache.catalina.core.ApplicationContext.log ContextListener: attributeAdded('StockTicker', 'async.Stockticker@3234f74e')
29-Apr-2022 02:50:21.592 INFO [main] org.apache.catalina.core.ApplicationContext.log SessionListener: contextDestroyed()
29-Apr-2022 02:50:21.592 INFO [main] org.apache.catalina.core.ApplicationContext.log ContextListener: contextDestroyed()
29-Apr-2022 02:50:24.538 INFO [main] org.apache.catalina.core.ApplicationContext.log ContextListener: contextInitialized()
29-Apr-2022 02:50:24.538 INFO [main] org.apache.catalina.core.ApplicationContext.log SessionListener: contextInitialized()
29-Apr-2022 02:50:24.539 INFO [main] org.apache.catalina.core.ApplicationContext.log ContextListener: attributeAdded('StockTicker', 'async.Stockticker@7bc10d84')
